<?xml version="1.0" encoding="utf-8"?>
<CoverageSession xmlns:xsd="http://www.w3.org/2001/XMLSchema" xmlns:xsi="http://www.w3.org/2001/XMLSchema-instance">
  <Summary numSequencePoints="1858" visitedSequencePoints="1740" numBranchPoints="631" visitedBranchPoints="570" sequenceCoverage="93.65" branchCoverage="90.33" maxCyclomaticComplexity="5" minCyclomaticComplexity="1" visitedClasses="35" numClasses="39" visitedMethods="358" numMethods="380" />
  <Modules>
    <Module skippedDueTo="Filter" hash="8B-0A-2D-23-22-F4-00-6C-9E-27-2C-20-59-AC-82-24-10-34-DC-A2">
      <ModulePath>C:\WINDOWS\assembly\GAC_64\mscorlib\2.0.0.0__b77a5c561934e089\mscorlib.dll</ModulePath>
      <ModuleTime>2016-07-14T13:18:12Z</ModuleTime>
      <ModuleName>mscorlib</ModuleName>
      <Classes />
    </Module>
    <Module skippedDueTo="Filter" hash="F9-04-A8-31-CD-FB-23-72-95-63-5D-14-9A-A0-66-8E-7F-44-93-7A">
      <ModulePath>C:\WINDOWS\assembly\GAC_64\mscorlib\2.0.0.0__b77a5c561934e089\sorttbls.nlp</ModulePath>
      <ModuleTime>2016-05-25T13:32:32Z</ModuleTime>
      <ModuleName>mscorlib</ModuleName>
      <Classes />
    </Module>
    <Module skippedDueTo="MissingPdb" hash="F9-CA-B6-79-63-CB-31-8A-0D-DC-C3-D0-43-F8-28-C3-F0-95-F9-E7">
      <ModulePath>C:\Program Files (x86)\NUnit 2.6.3\bin\nunit-console.exe</ModulePath>
      <ModuleTime>2013-10-10T15:01:26Z</ModuleTime>
      <ModuleName>nunit-console</ModuleName>
      <Classes />
    </Module>
    <Module skippedDueTo="MissingPdb" hash="2A-C4-E5-DE-F3-EE-AD-84-E1-65-84-CC-15-90-76-96-E7-01-44-4E">
      <ModulePath>C:\Program Files (x86)\NUnit 2.6.3\bin\lib\nunit-console-runner.dll</ModulePath>
      <ModuleTime>2013-10-10T15:01:26Z</ModuleTime>
      <ModuleName>nunit-console-runner</ModuleName>
      <Classes />
    </Module>
    <Module skippedDueTo="MissingPdb" hash="33-E1-CA-24-52-5A-B7-C7-C4-AF-91-2C-A9-4A-C0-37-67-0D-5B-FE">
      <ModulePath>C:\Program Files (x86)\NUnit 2.6.3\bin\lib\nunit.core.dll</ModulePath>
      <ModuleTime>2013-10-10T15:01:24Z</ModuleTime>
      <ModuleName>nunit.core</ModuleName>
      <Classes />
    </Module>
    <Module skippedDueTo="MissingPdb" hash="74-74-F6-87-59-E1-5F-4F-5F-5E-6E-82-50-E8-E2-46-D4-86-15-76">
      <ModulePath>C:\Program Files (x86)\NUnit 2.6.3\bin\lib\nunit.util.dll</ModulePath>
      <ModuleTime>2013-10-10T15:01:26Z</ModuleTime>
      <ModuleName>nunit.util</ModuleName>
      <Classes />
    </Module>
    <Module skippedDueTo="MissingPdb" hash="D3-A4-4D-85-55-F7-CE-EF-A5-90-AA-EF-58-E0-9F-B6-CC-27-99-53">
      <ModulePath>C:\Program Files (x86)\NUnit 2.6.3\bin\lib\nunit.core.interfaces.dll</ModulePath>
      <ModuleTime>2013-10-10T15:01:24Z</ModuleTime>
      <ModuleName>nunit.core.interfaces</ModuleName>
      <Classes />
    </Module>
    <Module skippedDueTo="Filter" hash="6E-30-2E-50-36-FB-60-2C-8E-50-C0-83-54-8B-CC-EA-A8-91-B6-CC">
      <ModulePath>C:\WINDOWS\assembly\GAC_64\mscorlib\2.0.0.0__b77a5c561934e089\sortkey.nlp</ModulePath>
      <ModuleTime>2016-05-25T13:32:32Z</ModuleTime>
      <ModuleName>mscorlib</ModuleName>
      <Classes />
    </Module>
    <Module skippedDueTo="Filter" hash="D3-A2-5E-F9-FB-0C-3B-2F-D2-18-52-5A-D6-CA-72-9A-41-DB-32-0C">
      <ModulePath>C:\WINDOWS\assembly\GAC_MSIL\System.Configuration\2.0.0.0__b03f5f7f11d50a3a\System.Configuration.dll</ModulePath>
      <ModuleTime>2016-07-13T13:33:26Z</ModuleTime>
      <ModuleName>System.Configuration</ModuleName>
      <Classes />
    </Module>
    <Module skippedDueTo="Filter" hash="40-48-97-70-16-F1-88-36-29-7F-EC-22-75-E4-B6-28-8D-B5-08-AA">
      <ModulePath>C:\WINDOWS\assembly\GAC_MSIL\System\2.0.0.0__b77a5c561934e089\System.dll</ModulePath>
      <ModuleTime>2016-11-16T03:53:51.7515015Z</ModuleTime>
      <ModuleName>System</ModuleName>
      <Classes />
    </Module>
    <Module skippedDueTo="Filter" hash="A8-49-01-4C-D3-7F-A5-DF-81-72-64-2F-70-AA-53-3B-FF-BB-F8-95">
      <ModulePath>C:\WINDOWS\assembly\GAC_MSIL\System.Xml\2.0.0.0__b77a5c561934e089\System.Xml.dll</ModulePath>
      <ModuleTime>2016-07-13T13:33:28Z</ModuleTime>
      <ModuleName>System.Xml</ModuleName>
      <Classes />
    </Module>
    <Module skippedDueTo="Filter" hash="15-7C-7D-D1-8A-BF-53-F2-DD-0B-B3-37-B0-89-E7-E9-5B-37-4B-60">
      <ModulePath>C:\WINDOWS\assembly\GAC_MSIL\System.Runtime.Remoting\2.0.0.0__b77a5c561934e089\System.Runtime.Remoting.dll</ModulePath>
      <ModuleTime>2016-07-13T13:33:28Z</ModuleTime>
      <ModuleName>System.Runtime.Remoting</ModuleName>
      <Classes />
    </Module>
    <Module skippedDueTo="Filter" hash="7F-4E-EA-3B-6F-54-D3-91-5E-FE-62-68-9E-42-98-12-3C-7D-D8-12">
      <ModulePath>C:\WINDOWS\Microsoft.Net\assembly\GAC_64\mscorlib\v4.0_4.0.0.0__b77a5c561934e089\mscorlib.dll</ModulePath>
      <ModuleTime>2016-07-16T11:43:57.1242712Z</ModuleTime>
      <ModuleName>mscorlib</ModuleName>
      <Classes />
    </Module>
    <Module skippedDueTo="MissingPdb" hash="87-52-C5-B2-2F-D3-F5-4F-58-BF-89-4A-88-59-6D-CE-F4-7F-6A-3B">
      <ModulePath>C:\Program Files (x86)\NUnit 2.6.3\bin\nunit-agent.exe</ModulePath>
      <ModuleTime>2013-10-10T15:01:28Z</ModuleTime>
      <ModuleName>nunit-agent</ModuleName>
      <Classes />
    </Module>
    <Module skippedDueTo="MissingPdb" hash="33-E1-CA-24-52-5A-B7-C7-C4-AF-91-2C-A9-4A-C0-37-67-0D-5B-FE">
      <ModulePath>C:\Program Files (x86)\NUnit 2.6.3\bin\lib\nunit.core.dll</ModulePath>
      <ModuleTime>2013-10-10T15:01:24Z</ModuleTime>
      <ModuleName>nunit.core</ModuleName>
      <Classes />
    </Module>
    <Module skippedDueTo="MissingPdb" hash="74-74-F6-87-59-E1-5F-4F-5F-5E-6E-82-50-E8-E2-46-D4-86-15-76">
      <ModulePath>C:\Program Files (x86)\NUnit 2.6.3\bin\lib\nunit.util.dll</ModulePath>
      <ModuleTime>2013-10-10T15:01:26Z</ModuleTime>
      <ModuleName>nunit.util</ModuleName>
      <Classes />
    </Module>
    <Module skippedDueTo="MissingPdb" hash="D3-A4-4D-85-55-F7-CE-EF-A5-90-AA-EF-58-E0-9F-B6-CC-27-99-53">
      <ModulePath>C:\Program Files (x86)\NUnit 2.6.3\bin\lib\nunit.core.interfaces.dll</ModulePath>
      <ModuleTime>2013-10-10T15:01:24Z</ModuleTime>
      <ModuleName>nunit.core.interfaces</ModuleName>
      <Classes />
    </Module>
    <Module skippedDueTo="Filter" hash="2F-06-CB-9E-45-EB-3F-7A-7A-0E-09-BA-75-25-0C-EF-AA-90-8E-2B">
      <ModulePath>C:\WINDOWS\Microsoft.Net\assembly\GAC_MSIL\System\v4.0_4.0.0.0__b77a5c561934e089\System.dll</ModulePath>
      <ModuleTime>2016-07-16T11:43:55.5461496Z</ModuleTime>
      <ModuleName>System</ModuleName>
      <Classes />
    </Module>
    <Module skippedDueTo="Filter" hash="A6-44-D7-5C-2C-AA-24-6D-2E-64-A4-48-13-C2-22-F5-E4-2D-CE-96">
      <ModulePath>C:\WINDOWS\Microsoft.Net\assembly\GAC_MSIL\System.Runtime.Remoting\v4.0_4.0.0.0__b77a5c561934e089\System.Runtime.Remoting.dll</ModulePath>
      <ModuleTime>2016-07-16T11:43:55.4680251Z</ModuleTime>
      <ModuleName>System.Runtime.Remoting</ModuleName>
      <Classes />
    </Module>
    <Module skippedDueTo="Filter" hash="34-A3-5D-67-8E-E7-DB-60-FE-97-F3-BD-D4-E7-40-6B-00-DA-51-C8">
      <ModulePath>C:\WINDOWS\Microsoft.Net\assembly\GAC_MSIL\System.Configuration\v4.0_4.0.0.0__b03f5f7f11d50a3a\System.Configuration.dll</ModulePath>
      <ModuleTime>2016-07-16T11:43:53.9992781Z</ModuleTime>
      <ModuleName>System.Configuration</ModuleName>
      <Classes />
    </Module>
    <Module skippedDueTo="Filter" hash="88-45-F0-9C-3C-9F-72-79-CB-6A-82-FA-D7-DB-C3-4A-59-80-3C-6B">
      <ModulePath>C:\WINDOWS\Microsoft.Net\assembly\GAC_MSIL\System.Xml\v4.0_4.0.0.0__b77a5c561934e089\System.Xml.dll</ModulePath>
      <ModuleTime>2016-07-16T11:43:55.4992744Z</ModuleTime>
      <ModuleName>System.Xml</ModuleName>
      <Classes />
    </Module>
    <Module skippedDueTo="Filter" hash="55-AD-EE-D1-1C-53-49-75-E3-88-58-79-CF-B4-C2-5D-9B-C6-56-C1">
      <ModulePath>C:\WINDOWS\Microsoft.Net\assembly\GAC_64\System.Web\v4.0_4.0.0.0__b03f5f7f11d50a3a\System.Web.dll</ModulePath>
      <ModuleTime>2016-07-16T11:43:59.421142Z</ModuleTime>
      <ModuleName>System.Web</ModuleName>
      <Classes />
    </Module>
    <Module skippedDueTo="Filter" hash="59-AA-12-0F-A1-2B-BB-EA-CA-49-46-7D-03-03-79-9A-47-0E-68-F4">
      <ModulePath>C:\WINDOWS\assembly\GAC_64\System.Web\2.0.0.0__b03f5f7f11d50a3a\System.Web.dll</ModulePath>
      <ModuleTime>2016-07-14T13:18:14Z</ModuleTime>
      <ModuleName>System.Web</ModuleName>
      <Classes />
    </Module>
    <Module skippedDueTo="MissingPdb" hash="33-E1-CA-24-52-5A-B7-C7-C4-AF-91-2C-A9-4A-C0-37-67-0D-5B-FE">
      <ModulePath>C:\Program Files (x86)\NUnit 2.6.3\bin\lib\nunit.core.dll</ModulePath>
      <ModuleTime>2013-10-10T15:01:24Z</ModuleTime>
      <ModuleName>nunit.core</ModuleName>
      <Classes />
    </Module>
    <Module skippedDueTo="Filter" hash="2F-06-CB-9E-45-EB-3F-7A-7A-0E-09-BA-75-25-0C-EF-AA-90-8E-2B">
      <ModulePath>C:\WINDOWS\Microsoft.Net\assembly\GAC_MSIL\System\v4.0_4.0.0.0__b77a5c561934e089\System.dll</ModulePath>
      <ModuleTime>2016-07-16T11:43:55.5461496Z</ModuleTime>
      <ModuleName>System</ModuleName>
      <Classes />
    </Module>
    <Module skippedDueTo="Filter" hash="88-45-F0-9C-3C-9F-72-79-CB-6A-82-FA-D7-DB-C3-4A-59-80-3C-6B">
      <ModulePath>C:\WINDOWS\Microsoft.Net\assembly\GAC_MSIL\System.Xml\v4.0_4.0.0.0__b77a5c561934e089\System.Xml.dll</ModulePath>
      <ModuleTime>2016-07-16T11:43:55.4992744Z</ModuleTime>
      <ModuleName>System.Xml</ModuleName>
      <Classes />
    </Module>
    <Module skippedDueTo="MissingPdb" hash="D3-A4-4D-85-55-F7-CE-EF-A5-90-AA-EF-58-E0-9F-B6-CC-27-99-53">
      <ModulePath>C:\Program Files (x86)\NUnit 2.6.3\bin\lib\nunit.core.interfaces.dll</ModulePath>
      <ModuleTime>2013-10-10T15:01:24Z</ModuleTime>
      <ModuleName>nunit.core.interfaces</ModuleName>
      <Classes />
    </Module>
    <Module hash="41-C7-7B-4F-30-0F-78-F8-0B-91-68-A2-85-4D-64-00-DC-97-2D-84">
      <Summary numSequencePoints="0" visitedSequencePoints="0" numBranchPoints="0" visitedBranchPoints="0" sequenceCoverage="0" branchCoverage="0" maxCyclomaticComplexity="1" minCyclomaticComplexity="1" visitedClasses="0" numClasses="0" visitedMethods="0" numMethods="0" />
      <ModulePath>E:\Project\HolidayPooling\HolidayPooling\HolidayPooling.DataRepositories.Tests\bin\Debug\HolidayPooling.DataRepositories.Tests.dll</ModulePath>
      <ModuleTime>2017-03-05T15:48:06.2707949Z</ModuleTime>
      <ModuleName>HolidayPooling.DataRepositories.Tests</ModuleName>
      <Files />
      <Classes>
        <Class>
          <Summary numSequencePoints="0" visitedSequencePoints="0" numBranchPoints="0" visitedBranchPoints="0" sequenceCoverage="0" branchCoverage="0" maxCyclomaticComplexity="0" minCyclomaticComplexity="0" visitedClasses="0" numClasses="0" visitedMethods="0" numMethods="0" />
          <FullName>&lt;Module&gt;</FullName>
          <Methods />
        </Class>
        <Class>
          <Summary numSequencePoints="0" visitedSequencePoints="0" numBranchPoints="0" visitedBranchPoints="0" sequenceCoverage="0" branchCoverage="0" maxCyclomaticComplexity="1" minCyclomaticComplexity="1" visitedClasses="0" numClasses="0" visitedMethods="0" numMethods="0" />
          <FullName>HolidayPooling.DataRepositories.Tests.Business.FriendshipDbImportExportTest</FullName>
          <Methods>
            <Method visited="true" cyclomaticComplexity="1" nPathComplexity="0" sequenceCoverage="0" branchCoverage="0" isConstructor="true" isStatic="false" isGetter="false" isSetter="false">
              <Summary numSequencePoints="0" visitedSequencePoints="0" numBranchPoints="0" visitedBranchPoints="0" sequenceCoverage="0" branchCoverage="0" maxCyclomaticComplexity="1" minCyclomaticComplexity="1" visitedClasses="0" numClasses="0" visitedMethods="0" numMethods="0" />
              <MetadataToken>100663297</MetadataToken>
              <Name>System.Void HolidayPooling.DataRepositories.Tests.Business.FriendshipDbImportExportTest::.ctor()</Name>
              <SequencePoints />
              <BranchPoints />
              <MethodPoint vc="1" uspid="1" ordinal="0" offset="0" />
            </Method>
          </Methods>
        </Class>
        <Class>
          <Summary numSequencePoints="0" visitedSequencePoints="0" numBranchPoints="0" visitedBranchPoints="0" sequenceCoverage="0" branchCoverage="0" maxCyclomaticComplexity="1" minCyclomaticComplexity="1" visitedClasses="0" numClasses="0" visitedMethods="0" numMethods="0" />
          <FullName>HolidayPooling.DataRepositories.Tests.Business.PotDbImportExportTest</FullName>
          <Methods>
            <Method visited="true" cyclomaticComplexity="1" nPathComplexity="0" sequenceCoverage="0" branchCoverage="0" isConstructor="true" isStatic="false" isGetter="false" isSetter="false">
              <Summary numSequencePoints="0" visitedSequencePoints="0" numBranchPoints="0" visitedBranchPoints="0" sequenceCoverage="0" branchCoverage="0" maxCyclomaticComplexity="1" minCyclomaticComplexity="1" visitedClasses="0" numClasses="0" visitedMethods="0" numMethods="0" />
              <MetadataToken>100663298</MetadataToken>
              <Name>System.Void HolidayPooling.DataRepositories.Tests.Business.PotDbImportExportTest::.ctor()</Name>
              <SequencePoints />
              <BranchPoints />
              <MethodPoint vc="1" uspid="2" ordinal="0" offset="0" />
            </Method>
          </Methods>
        </Class>
        <Class>
          <Summary numSequencePoints="0" visitedSequencePoints="0" numBranchPoints="0" visitedBranchPoints="0" sequenceCoverage="0" branchCoverage="0" maxCyclomaticComplexity="1" minCyclomaticComplexity="1" visitedClasses="0" numClasses="0" visitedMethods="0" numMethods="0" />
          <FullName>HolidayPooling.DataRepositories.Tests.Business.TripDbImportExportTest</FullName>
          <Methods>
            <Method visited="true" cyclomaticComplexity="1" nPathComplexity="0" sequenceCoverage="0" branchCoverage="0" isConstructor="true" isStatic="false" isGetter="false" isSetter="false">
              <Summary numSequencePoints="0" visitedSequencePoints="0" numBranchPoints="0" visitedBranchPoints="0" sequenceCoverage="0" branchCoverage="0" maxCyclomaticComplexity="1" minCyclomaticComplexity="1" visitedClasses="0" numClasses="0" visitedMethods="0" numMethods="0" />
              <MetadataToken>100663299</MetadataToken>
              <Name>System.Void HolidayPooling.DataRepositories.Tests.Business.TripDbImportExportTest::.ctor()</Name>
              <SequencePoints />
              <BranchPoints />
              <MethodPoint vc="1" uspid="3" ordinal="0" offset="0" />
            </Method>
          </Methods>
        </Class>
        <Class>
          <Summary numSequencePoints="0" visitedSequencePoints="0" numBranchPoints="0" visitedBranchPoints="0" sequenceCoverage="0" branchCoverage="0" maxCyclomaticComplexity="1" minCyclomaticComplexity="1" visitedClasses="0" numClasses="0" visitedMethods="0" numMethods="0" />
          <FullName>HolidayPooling.DataRepositories.Tests.Business.TripParticipantDbImportExportTest</FullName>
          <Methods>
            <Method visited="true" cyclomaticComplexity="1" nPathComplexity="0" sequenceCoverage="0" branchCoverage="0" isConstructor="true" isStatic="false" isGetter="false" isSetter="false">
              <Summary numSequencePoints="0" visitedSequencePoints="0" numBranchPoints="0" visitedBranchPoints="0" sequenceCoverage="0" branchCoverage="0" maxCyclomaticComplexity="1" minCyclomaticComplexity="1" visitedClasses="0" numClasses="0" visitedMethods="0" numMethods="0" />
              <MetadataToken>100663300</MetadataToken>
              <Name>System.Void HolidayPooling.DataRepositories.Tests.Business.TripParticipantDbImportExportTest::.ctor()</Name>
              <SequencePoints />
              <BranchPoints />
              <MethodPoint vc="1" uspid="4" ordinal="0" offset="0" />
            </Method>
          </Methods>
        </Class>
        <Class>
          <Summary numSequencePoints="0" visitedSequencePoints="0" numBranchPoints="0" visitedBranchPoints="0" sequenceCoverage="0" branchCoverage="0" maxCyclomaticComplexity="1" minCyclomaticComplexity="1" visitedClasses="0" numClasses="0" visitedMethods="0" numMethods="0" />
          <FullName>HolidayPooling.DataRepositories.Tests.Business.UserDbImportExportTest</FullName>
          <Methods>
            <Method visited="true" cyclomaticComplexity="1" nPathComplexity="0" sequenceCoverage="0" branchCoverage="0" isConstructor="true" isStatic="false" isGetter="false" isSetter="false">
              <Summary numSequencePoints="0" visitedSequencePoints="0" numBranchPoints="0" visitedBranchPoints="0" sequenceCoverage="0" branchCoverage="0" maxCyclomaticComplexity="1" minCyclomaticComplexity="1" visitedClasses="0" numClasses="0" visitedMethods="0" numMethods="0" />
              <MetadataToken>100663301</MetadataToken>
              <Name>System.Void HolidayPooling.DataRepositories.Tests.Business.UserDbImportExportTest::.ctor()</Name>
              <SequencePoints />
              <BranchPoints />
              <MethodPoint vc="1" uspid="5" ordinal="0" offset="0" />
            </Method>
          </Methods>
        </Class>
        <Class>
          <Summary numSequencePoints="0" visitedSequencePoints="0" numBranchPoints="0" visitedBranchPoints="0" sequenceCoverage="0" branchCoverage="0" maxCyclomaticComplexity="1" minCyclomaticComplexity="1" visitedClasses="0" numClasses="0" visitedMethods="0" numMethods="0" />
          <FullName>HolidayPooling.DataRepositories.Tests.Business.UserTripDbImportExportTest</FullName>
          <Methods>
            <Method visited="true" cyclomaticComplexity="1" nPathComplexity="0" sequenceCoverage="0" branchCoverage="0" isConstructor="true" isStatic="false" isGetter="false" isSetter="false">
              <Summary numSequencePoints="0" visitedSequencePoints="0" numBranchPoints="0" visitedBranchPoints="0" sequenceCoverage="0" branchCoverage="0" maxCyclomaticComplexity="1" minCyclomaticComplexity="1" visitedClasses="0" numClasses="0" visitedMethods="0" numMethods="0" />
              <MetadataToken>100663302</MetadataToken>
              <Name>System.Void HolidayPooling.DataRepositories.Tests.Business.UserTripDbImportExportTest::.ctor()</Name>
              <SequencePoints />
              <BranchPoints />
              <MethodPoint vc="1" uspid="6" ordinal="0" offset="0" />
            </Method>
          </Methods>
        </Class>
        <Class>
          <Summary numSequencePoints="0" visitedSequencePoints="0" numBranchPoints="0" visitedBranchPoints="0" sequenceCoverage="0" branchCoverage="0" maxCyclomaticComplexity="1" minCyclomaticComplexity="1" visitedClasses="0" numClasses="0" visitedMethods="0" numMethods="0" />
          <FullName>HolidayPooling.DataRepositories.Tests.Core.DbTestHelper</FullName>
          <Methods>
            <Method visited="true" cyclomaticComplexity="1" nPathComplexity="0" sequenceCoverage="0" branchCoverage="0" isConstructor="true" isStatic="false" isGetter="false" isSetter="false">
              <Summary numSequencePoints="0" visitedSequencePoints="0" numBranchPoints="0" visitedBranchPoints="0" sequenceCoverage="0" branchCoverage="0" maxCyclomaticComplexity="1" minCyclomaticComplexity="1" visitedClasses="0" numClasses="0" visitedMethods="0" numMethods="0" />
              <MetadataToken>100663303</MetadataToken>
              <Name>System.Void HolidayPooling.DataRepositories.Tests.Core.DbTestHelper::.ctor()</Name>
              <SequencePoints />
              <BranchPoints />
              <MethodPoint vc="1" uspid="7" ordinal="0" offset="0" />
            </Method>
          </Methods>
        </Class>
      </Classes>
    </Module>
    <Module skippedDueTo="MissingPdb" hash="45-EA-4E-AC-19-19-00-3D-32-48-A5-9E-F4-BA-10-51-33-E1-F3-41">
      <ModulePath>E:\Project\HolidayPooling\HolidayPooling\HolidayPooling.DataRepositories.Tests\bin\Debug\nunit.framework.dll</ModulePath>
      <ModuleTime>2017-02-19T12:51:01.5988985Z</ModuleTime>
      <ModuleName>nunit.framework</ModuleName>
      <Classes />
    </Module>
    <Module skippedDueTo="MissingPdb" hash="33-E1-CA-24-52-5A-B7-C7-C4-AF-91-2C-A9-4A-C0-37-67-0D-5B-FE">
      <ModulePath>C:\Program Files (x86)\NUnit 2.6.3\bin\lib\nunit.core.dll</ModulePath>
      <ModuleTime>2013-10-10T15:01:24Z</ModuleTime>
      <ModuleName>nunit.core</ModuleName>
      <Classes />
    </Module>
    <Module skippedDueTo="Filter" hash="2F-06-CB-9E-45-EB-3F-7A-7A-0E-09-BA-75-25-0C-EF-AA-90-8E-2B">
      <ModulePath>C:\WINDOWS\Microsoft.Net\assembly\GAC_MSIL\System\v4.0_4.0.0.0__b77a5c561934e089\System.dll</ModulePath>
      <ModuleTime>2016-07-16T11:43:55.5461496Z</ModuleTime>
      <ModuleName>System</ModuleName>
      <Classes />
    </Module>
    <Module skippedDueTo="Filter" hash="88-45-F0-9C-3C-9F-72-79-CB-6A-82-FA-D7-DB-C3-4A-59-80-3C-6B">
      <ModulePath>C:\WINDOWS\Microsoft.Net\assembly\GAC_MSIL\System.Xml\v4.0_4.0.0.0__b77a5c561934e089\System.Xml.dll</ModulePath>
      <ModuleTime>2016-07-16T11:43:55.4992744Z</ModuleTime>
      <ModuleName>System.Xml</ModuleName>
      <Classes />
    </Module>
    <Module skippedDueTo="MissingPdb" hash="D3-A4-4D-85-55-F7-CE-EF-A5-90-AA-EF-58-E0-9F-B6-CC-27-99-53">
      <ModulePath>C:\Program Files (x86)\NUnit 2.6.3\bin\lib\nunit.core.interfaces.dll</ModulePath>
      <ModuleTime>2013-10-10T15:01:24Z</ModuleTime>
      <ModuleName>nunit.core.interfaces</ModuleName>
      <Classes />
    </Module>
    <Module hash="DD-17-2A-46-DF-4D-EA-89-B1-17-3B-57-DB-92-17-EC-A8-C2-40-69">
      <Summary numSequencePoints="950" visitedSequencePoints="936" numBranchPoints="273" visitedBranchPoints="252" sequenceCoverage="98.53" branchCoverage="92.31" maxCyclomaticComplexity="4" minCyclomaticComplexity="1" visitedClasses="12" numClasses="12" visitedMethods="229" numMethods="233" />
      <ModulePath>E:\Project\HolidayPooling\HolidayPooling\HolidayPooling.Models.Tests\bin\Debug\HolidayPooling.Models.Tests.dll</ModulePath>
      <ModuleTime>2017-03-05T17:30:47.7395442Z</ModuleTime>
      <ModuleName>HolidayPooling.Models.Tests</ModuleName>
      <Files>
        <File uid="1" fullPath="e:\Project\HolidayPooling\HolidayPooling\HolidayPooling.Models.Tests\Core\ModelTestBase.cs" />
        <File uid="2" fullPath="e:\Project\HolidayPooling\HolidayPooling\HolidayPooling.Models.Tests\Core\FriendshipTest.cs" />
        <File uid="3" fullPath="e:\Project\HolidayPooling\HolidayPooling\HolidayPooling.Models.Tests\Core\ModelHavingSubModelTestBase.cs" />
        <File uid="4" fullPath="e:\Project\HolidayPooling\HolidayPooling\HolidayPooling.Models.Tests\Core\PotTest.cs" />
        <File uid="5" fullPath="e:\Project\HolidayPooling\HolidayPooling\HolidayPooling.Models.Tests\Core\PotUserTest.cs" />
        <File uid="6" fullPath="e:\Project\HolidayPooling\HolidayPooling\HolidayPooling.Models.Tests\Core\TripParticipantTest.cs" />
        <File uid="7" fullPath="e:\Project\HolidayPooling\HolidayPooling\HolidayPooling.Models.Tests\Core\TripTest.cs" />
        <File uid="8" fullPath="e:\Project\HolidayPooling\HolidayPooling\HolidayPooling.Models.Tests\Core\UserTest.cs" />
        <File uid="9" fullPath="e:\Project\HolidayPooling\HolidayPooling\HolidayPooling.Models.Tests\Core\UserTripTest.cs" />
        <File uid="10" fullPath="e:\Project\HolidayPooling\HolidayPooling\HolidayPooling.Models.Tests\Core\UserWithTripTest.cs" />
        <File uid="11" fullPath="e:\Project\HolidayPooling\HolidayPooling\HolidayPooling.Models.Tests\Helpers\ModelEnumConverterTest.cs" />
        <File uid="12" fullPath="e:\Project\HolidayPooling\HolidayPooling\HolidayPooling.Models.Tests\ModelTestHelper.cs" />
      </Files>
      <Classes>
        <Class>
          <Summary numSequencePoints="0" visitedSequencePoints="0" numBranchPoints="0" visitedBranchPoints="0" sequenceCoverage="0" branchCoverage="0" maxCyclomaticComplexity="0" minCyclomaticComplexity="0" visitedClasses="0" numClasses="0" visitedMethods="0" numMethods="0" />
          <FullName>&lt;Module&gt;</FullName>
          <Methods />
        </Class>
        <Class>
          <Summary numSequencePoints="52" visitedSequencePoints="52" numBranchPoints="8" visitedBranchPoints="8" sequenceCoverage="100" branchCoverage="100" maxCyclomaticComplexity="3" minCyclomaticComplexity="1" visitedClasses="1" numClasses="1" visitedMethods="8" numMethods="8" />
          <FullName>HolidayPooling.Models.Tests.Core.ModelTestBase`1</FullName>
          <Methods>
            <Method visited="true" cyclomaticComplexity="1" nPathComplexity="0" sequenceCoverage="100" branchCoverage="100" isConstructor="false" isStatic="false" isGetter="false" isSetter="false">
              <Summary numSequencePoints="5" visitedSequencePoints="5" numBranchPoints="1" visitedBranchPoints="1" sequenceCoverage="100" branchCoverage="100" maxCyclomaticComplexity="1" minCyclomaticComplexity="1" visitedClasses="0" numClasses="0" visitedMethods="1" numMethods="1" />
              <MetadataToken>100663301</MetadataToken>
              <Name>System.Void HolidayPooling.Models.Tests.Core.ModelTestBase`1::TestEqualsWithNullObject()</Name>
              <FileRef uid="1" />
              <SequencePoints>
                <SequencePoint vc="7" uspid="8" ordinal="0" offset="0" sl="29" sc="9" el="29" ec="10" bec="0" bev="0" fileid="1" />
                <SequencePoint vc="7" uspid="9" ordinal="1" offset="1" sl="30" sc="13" el="30" ec="39" bec="0" bev="0" fileid="1" />
                <SequencePoint vc="7" uspid="10" ordinal="2" offset="8" sl="31" sc="13" el="31" ec="31" bec="0" bev="0" fileid="1" />
                <SequencePoint vc="7" uspid="11" ordinal="3" offset="10" sl="32" sc="13" el="32" ec="47" bec="0" bev="0" fileid="1" />
                <SequencePoint vc="7" uspid="12" ordinal="4" offset="30" sl="33" sc="9" el="33" ec="10" bec="0" bev="0" fileid="1" />
              </SequencePoints>
              <BranchPoints />
              <MethodPoint xsi:type="SequencePoint" vc="7" uspid="8" ordinal="0" offset="0" sl="29" sc="9" el="29" ec="10" bec="0" bev="0" fileid="1" />
            </Method>
            <Method visited="true" cyclomaticComplexity="1" nPathComplexity="0" sequenceCoverage="100" branchCoverage="100" isConstructor="false" isStatic="false" isGetter="false" isSetter="false">
              <Summary numSequencePoints="5" visitedSequencePoints="5" numBranchPoints="1" visitedBranchPoints="1" sequenceCoverage="100" branchCoverage="100" maxCyclomaticComplexity="1" minCyclomaticComplexity="1" visitedClasses="0" numClasses="0" visitedMethods="1" numMethods="1" />
              <MetadataToken>100663302</MetadataToken>
              <Name>System.Void HolidayPooling.Models.Tests.Core.ModelTestBase`1::TestEqualsWithObjectHavingSameReference()</Name>
              <FileRef uid="1" />
              <SequencePoints>
                <SequencePoint vc="7" uspid="13" ordinal="0" offset="0" sl="36" sc="9" el="36" ec="10" bec="0" bev="0" fileid="1" />
                <SequencePoint vc="7" uspid="14" ordinal="1" offset="1" sl="37" sc="13" el="37" ec="39" bec="0" bev="0" fileid="1" />
                <SequencePoint vc="7" uspid="15" ordinal="2" offset="8" sl="38" sc="13" el="38" ec="32" bec="0" bev="0" fileid="1" />
                <SequencePoint vc="7" uspid="16" ordinal="3" offset="15" sl="39" sc="13" el="39" ec="46" bec="0" bev="0" fileid="1" />
                <SequencePoint vc="7" uspid="17" ordinal="4" offset="35" sl="40" sc="9" el="40" ec="10" bec="0" bev="0" fileid="1" />
              </SequencePoints>
              <BranchPoints />
              <MethodPoint xsi:type="SequencePoint" vc="7" uspid="13" ordinal="0" offset="0" sl="36" sc="9" el="36" ec="10" bec="0" bev="0" fileid="1" />
            </Method>
            <Method visited="true" cyclomaticComplexity="1" nPathComplexity="0" sequenceCoverage="100" branchCoverage="100" isConstructor="false" isStatic="false" isGetter="false" isSetter="false">
              <Summary numSequencePoints="5" visitedSequencePoints="5" numBranchPoints="1" visitedBranchPoints="1" sequenceCoverage="100" branchCoverage="100" maxCyclomaticComplexity="1" minCyclomaticComplexity="1" visitedClasses="0" numClasses="0" visitedMethods="1" numMethods="1" />
              <MetadataToken>100663303</MetadataToken>
              <Name>System.Void HolidayPooling.Models.Tests.Core.ModelTestBase`1::TestEqualsWithDifferentType()</Name>
              <FileRef uid="1" />
              <SequencePoints>
                <SequencePoint vc="7" uspid="18" ordinal="0" offset="0" sl="43" sc="9" el="43" ec="10" bec="0" bev="0" fileid="1" />
                <SequencePoint vc="7" uspid="19" ordinal="1" offset="1" sl="44" sc="13" el="44" ec="39" bec="0" bev="0" fileid="1" />
                <SequencePoint vc="7" uspid="20" ordinal="2" offset="8" sl="45" sc="13" el="45" ec="41" bec="0" bev="0" fileid="1" />
                <SequencePoint vc="7" uspid="21" ordinal="3" offset="14" sl="46" sc="13" el="46" ec="49" bec="0" bev="0" fileid="1" />
                <SequencePoint vc="7" uspid="22" ordinal="4" offset="34" sl="47" sc="9" el="47" ec="10" bec="0" bev="0" fileid="1" />
              </SequencePoints>
              <BranchPoints />
              <MethodPoint xsi:type="SequencePoint" vc="7" uspid="18" ordinal="0" offset="0" sl="43" sc="9" el="43" ec="10" bec="0" bev="0" fileid="1" />
            </Method>
            <Method visited="true" cyclomaticComplexity="1" nPathComplexity="0" sequenceCoverage="100" branchCoverage="100" isConstructor="false" isStatic="false" isGetter="false" isSetter="false">
              <Summary numSequencePoints="6" visitedSequencePoints="6" numBranchPoints="1" visitedBranchPoints="1" sequenceCoverage="100" branchCoverage="100" maxCyclomaticComplexity="1" minCyclomaticComplexity="1" visitedClasses="0" numClasses="0" visitedMethods="1" numMethods="1" />
              <MetadataToken>100663304</MetadataToken>
              <Name>System.Void HolidayPooling.Models.Tests.Core.ModelTestBase`1::TestEqualsWithObjectHavingSameType()</Name>
              <FileRef uid="1" />
              <SequencePoints>
                <SequencePoint vc="7" uspid="23" ordinal="0" offset="0" sl="50" sc="9" el="50" ec="10" bec="0" bev="0" fileid="1" />
                <SequencePoint vc="7" uspid="24" ordinal="1" offset="1" sl="51" sc="13" el="51" ec="39" bec="0" bev="0" fileid="1" />
                <SequencePoint vc="7" uspid="25" ordinal="2" offset="8" sl="52" sc="13" el="52" ec="42" bec="0" bev="0" fileid="1" />
                <SequencePoint vc="7" uspid="26" ordinal="3" offset="20" sl="53" sc="13" el="53" ec="59" bec="0" bev="0" fileid="1" />
                <SequencePoint vc="7" uspid="27" ordinal="4" offset="38" sl="54" sc="13" el="54" ec="48" bec="0" bev="0" fileid="1" />
                <SequencePoint vc="7" uspid="28" ordinal="5" offset="58" sl="55" sc="9" el="55" ec="10" bec="0" bev="0" fileid="1" />
              </SequencePoints>
              <BranchPoints />
              <MethodPoint xsi:type="SequencePoint" vc="7" uspid="23" ordinal="0" offset="0" sl="50" sc="9" el="50" ec="10" bec="0" bev="0" fileid="1" />
            </Method>
            <Method visited="true" cyclomaticComplexity="1" nPathComplexity="0" sequenceCoverage="100" branchCoverage="100" isConstructor="false" isStatic="false" isGetter="false" isSetter="false">
              <Summary numSequencePoints="5" visitedSequencePoints="5" numBranchPoints="1" visitedBranchPoints="1" sequenceCoverage="100" branchCoverage="100" maxCyclomaticComplexity="1" minCyclomaticComplexity="1" visitedClasses="0" numClasses="0" visitedMethods="1" numMethods="1" />
              <MetadataToken>100663305</MetadataToken>
              <Name>System.Void HolidayPooling.Models.Tests.Core.ModelTestBase`1::TestEqualsWithNullModel()</Name>
              <FileRef uid="1" />
              <SequencePoints>
                <SequencePoint vc="7" uspid="29" ordinal="0" offset="0" sl="58" sc="9" el="58" ec="10" bec="0" bev="0" fileid="1" />
                <SequencePoint vc="7" uspid="30" ordinal="1" offset="1" sl="59" sc="13" el="59" ec="39" bec="0" bev="0" fileid="1" />
                <SequencePoint vc="7" uspid="31" ordinal="2" offset="8" sl="60" sc="13" el="60" ec="28" bec="0" bev="0" fileid="1" />
                <SequencePoint vc="7" uspid="32" ordinal="3" offset="16" sl="61" sc="13" el="61" ec="57" bec="0" bev="0" fileid="1" />
                <SequencePoint vc="7" uspid="33" ordinal="4" offset="30" sl="62" sc="9" el="62" ec="10" bec="0" bev="0" fileid="1" />
              </SequencePoints>
              <BranchPoints />
              <MethodPoint xsi:type="SequencePoint" vc="7" uspid="29" ordinal="0" offset="0" sl="58" sc="9" el="58" ec="10" bec="0" bev="0" fileid="1" />
            </Method>
            <Method visited="true" cyclomaticComplexity="1" nPathComplexity="0" sequenceCoverage="100" branchCoverage="100" isConstructor="false" isStatic="false" isGetter="false" isSetter="false">
              <Summary numSequencePoints="5" visitedSequencePoints="5" numBranchPoints="1" visitedBranchPoints="1" sequenceCoverage="100" branchCoverage="100" maxCyclomaticComplexity="1" minCyclomaticComplexity="1" visitedClasses="0" numClasses="0" visitedMethods="1" numMethods="1" />
              <MetadataToken>100663306</MetadataToken>
              <Name>System.Void HolidayPooling.Models.Tests.Core.ModelTestBase`1::TestEqualsWithModelHavingSameReferences()</Name>
              <FileRef uid="1" />
              <SequencePoints>
                <SequencePoint vc="7" uspid="34" ordinal="0" offset="0" sl="65" sc="9" el="65" ec="10" bec="0" bev="0" fileid="1" />
                <SequencePoint vc="7" uspid="35" ordinal="1" offset="1" sl="66" sc="13" el="66" ec="39" bec="0" bev="0" fileid="1" />
                <SequencePoint vc="7" uspid="36" ordinal="2" offset="8" sl="67" sc="13" el="67" ec="29" bec="0" bev="0" fileid="1" />
                <SequencePoint vc="7" uspid="37" ordinal="3" offset="10" sl="68" sc="13" el="68" ec="58" bec="0" bev="0" fileid="1" />
                <SequencePoint vc="7" uspid="38" ordinal="4" offset="24" sl="69" sc="9" el="69" ec="10" bec="0" bev="0" fileid="1" />
              </SequencePoints>
              <BranchPoints />
              <MethodPoint xsi:type="SequencePoint" vc="7" uspid="34" ordinal="0" offset="0" sl="65" sc="9" el="65" ec="10" bec="0" bev="0" fileid="1" />
            </Method>
            <Method visited="true" cyclomaticComplexity="3" nPathComplexity="0" sequenceCoverage="100" branchCoverage="100" isConstructor="false" isStatic="false" isGetter="false" isSetter="false">
              <Summary numSequencePoints="15" visitedSequencePoints="15" numBranchPoints="1" visitedBranchPoints="1" sequenceCoverage="100" branchCoverage="100" maxCyclomaticComplexity="3" minCyclomaticComplexity="3" visitedClasses="0" numClasses="0" visitedMethods="1" numMethods="1" />
              <MetadataToken>100663307</MetadataToken>
              <Name>System.Void HolidayPooling.Models.Tests.Core.ModelTestBase`1::TestHashCode()</Name>
              <FileRef uid="1" />
              <SequencePoints>
                <SequencePoint vc="7" uspid="39" ordinal="0" offset="0" sl="72" sc="9" el="72" ec="10" bec="0" bev="0" fileid="1" />
                <SequencePoint vc="7" uspid="40" ordinal="1" offset="1" sl="74" sc="13" el="74" ec="14" bec="0" bev="0" fileid="1" />
                <SequencePoint vc="7" uspid="41" ordinal="2" offset="2" sl="75" sc="17" el="75" ec="43" bec="0" bev="0" fileid="1" />
                <SequencePoint vc="7" uspid="42" ordinal="3" offset="9" sl="76" sc="17" el="76" ec="61" bec="0" bev="0" fileid="1" />
                <SequencePoint vc="7" uspid="43" ordinal="4" offset="15" sl="77" sc="17" el="77" ec="56" bec="0" bev="0" fileid="1" />
                <SequencePoint vc="7" uspid="44" ordinal="5" offset="23" sl="78" sc="17" el="78" ec="24" bec="0" bev="0" fileid="1" />
                <SequencePoint vc="7" uspid="45" ordinal="6" offset="24" sl="78" sc="35" el="78" ec="39" bec="0" bev="0" fileid="1" />
                <SequencePoint vc="11" uspid="46" ordinal="7" offset="34" sl="78" sc="26" el="78" ec="31" bec="0" bev="0" fileid="1" />
                <SequencePoint vc="11" uspid="47" ordinal="8" offset="42" sl="79" sc="17" el="79" ec="18" bec="0" bev="0" fileid="1" />
                <SequencePoint vc="11" uspid="48" ordinal="9" offset="43" sl="80" sc="21" el="80" ec="71" bec="0" bev="0" fileid="1" />
                <SequencePoint vc="11" uspid="49" ordinal="10" offset="51" sl="81" sc="17" el="81" ec="18" bec="0" bev="0" fileid="1" />
                <SequencePoint vc="18" uspid="50" ordinal="11" offset="52" sl="78" sc="32" el="78" ec="34" bec="0" bev="0" fileid="1" />
                <SequencePoint vc="7" uspid="51" ordinal="12" offset="88" sl="83" sc="17" el="83" ec="60" bec="0" bev="0" fileid="1" />
                <SequencePoint vc="7" uspid="52" ordinal="13" offset="118" sl="85" sc="13" el="85" ec="14" bec="0" bev="0" fileid="1" />
                <SequencePoint vc="7" uspid="53" ordinal="14" offset="119" sl="87" sc="9" el="87" ec="10" bec="0" bev="0" fileid="1" />
              </SequencePoints>
              <BranchPoints />
              <MethodPoint xsi:type="SequencePoint" vc="7" uspid="39" ordinal="0" offset="0" sl="72" sc="9" el="72" ec="10" bec="0" bev="0" fileid="1" />
            </Method>
            <Method visited="true" cyclomaticComplexity="1" nPathComplexity="0" sequenceCoverage="100" branchCoverage="100" isConstructor="false" isStatic="false" isGetter="false" isSetter="false">
              <Summary numSequencePoints="6" visitedSequencePoints="6" numBranchPoints="1" visitedBranchPoints="1" sequenceCoverage="100" branchCoverage="100" maxCyclomaticComplexity="1" minCyclomaticComplexity="1" visitedClasses="0" numClasses="0" visitedMethods="1" numMethods="1" />
              <MetadataToken>100663308</MetadataToken>
              <Name>System.Void HolidayPooling.Models.Tests.Core.ModelTestBase`1::TestClone(T)</Name>
              <FileRef uid="1" />
              <SequencePoints>
                <SequencePoint vc="7" uspid="56" ordinal="0" offset="0" sl="90" sc="9" el="90" ec="10" bec="0" bev="0" fileid="1" />
                <SequencePoint vc="7" uspid="57" ordinal="1" offset="1" sl="91" sc="13" el="91" ec="44" bec="0" bev="0" fileid="1" />
                <SequencePoint vc="7" uspid="58" ordinal="2" offset="25" sl="92" sc="13" el="92" ec="37" bec="0" bev="0" fileid="1" />
                <SequencePoint vc="7" uspid="59" ordinal="3" offset="37" sl="93" sc="13" el="93" ec="59" bec="0" bev="0" fileid="1" />
                <SequencePoint vc="7" uspid="60" ordinal="4" offset="60" sl="94" sc="13" el="94" ec="40" bec="0" bev="0" fileid="1" />
                <SequencePoint vc="7" uspid="61" ordinal="5" offset="69" sl="95" sc="9" el="95" ec="10" bec="0" bev="0" fileid="1" />
              </SequencePoints>
              <BranchPoints />
              <MethodPoint xsi:type="SequencePoint" vc="7" uspid="56" ordinal="0" offset="0" sl="90" sc="9" el="90" ec="10" bec="0" bev="0" fileid="1" />
            </Method>
            <Method visited="true" cyclomaticComplexity="1" nPathComplexity="0" sequenceCoverage="0" branchCoverage="0" isConstructor="true" isStatic="false" isGetter="false" isSetter="false">
              <Summary numSequencePoints="0" visitedSequencePoints="0" numBranchPoints="0" visitedBranchPoints="0" sequenceCoverage="0" branchCoverage="0" maxCyclomaticComplexity="1" minCyclomaticComplexity="1" visitedClasses="0" numClasses="0" visitedMethods="0" numMethods="0" />
              <MetadataToken>100663309</MetadataToken>
              <Name>System.Void HolidayPooling.Models.Tests.Core.ModelTestBase`1::.ctor()</Name>
              <SequencePoints />
              <BranchPoints />
              <MethodPoint vc="8" uspid="62" ordinal="0" offset="0" />
            </Method>
          </Methods>
        </Class>
        <Class>
          <Summary numSequencePoints="46" visitedSequencePoints="46" numBranchPoints="13" visitedBranchPoints="13" sequenceCoverage="100" branchCoverage="100" maxCyclomaticComplexity="1" minCyclomaticComplexity="1" visitedClasses="1" numClasses="1" visitedMethods="13" numMethods="13" />
          <FullName>HolidayPooling.Models.Tests.Core.FriendshipTest</FullName>
          <Methods>
            <Method visited="true" cyclomaticComplexity="1" nPathComplexity="0" sequenceCoverage="100" branchCoverage="100" isConstructor="false" isStatic="false" isGetter="false" isSetter="false">
              <Summary numSequencePoints="3" visitedSequencePoints="3" numBranchPoints="1" visitedBranchPoints="1" sequenceCoverage="100" branchCoverage="100" maxCyclomaticComplexity="1" minCyclomaticComplexity="1" visitedClasses="0" numClasses="0" visitedMethods="1" numMethods="1" />
              <MetadataToken>100663310</MetadataToken>
              <Name>HolidayPooling.Models.Core.Friendship HolidayPooling.Models.Tests.Core.FriendshipTest::CreateModel()</Name>
              <FileRef uid="2" />
              <SequencePoints>
                <SequencePoint vc="8" uspid="63" ordinal="0" offset="0" sl="18" sc="9" el="18" ec="10" bec="0" bev="0" fileid="2" />
                <SequencePoint vc="8" uspid="64" ordinal="1" offset="1" sl="19" sc="13" el="19" ec="73" bec="0" bev="0" fileid="2" />
                <SequencePoint vc="8" uspid="65" ordinal="2" offset="26" sl="20" sc="9" el="20" ec="10" bec="0" bev="0" fileid="2" />
              </SequencePoints>
              <BranchPoints />
              <MethodPoint xsi:type="SequencePoint" vc="8" uspid="63" ordinal="0" offset="0" sl="18" sc="9" el="18" ec="10" bec="0" bev="0" fileid="2" />
            </Method>
            <Method visited="true" cyclomaticComplexity="1" nPathComplexity="0" sequenceCoverage="100" branchCoverage="100" isConstructor="false" isStatic="false" isGetter="false" isSetter="false">
              <Summary numSequencePoints="3" visitedSequencePoints="3" numBranchPoints="1" visitedBranchPoints="1" sequenceCoverage="100" branchCoverage="100" maxCyclomaticComplexity="1" minCyclomaticComplexity="1" visitedClasses="0" numClasses="0" visitedMethods="1" numMethods="1" />
              <MetadataToken>100663311</MetadataToken>
              <Name>System.Collections.Generic.IList`1&lt;System.Object&gt; HolidayPooling.Models.Tests.Core.FriendshipTest::GetValuesForHashCode(HolidayPooling.Models.Core.Friendship)</Name>
              <FileRef uid="2" />
              <SequencePoints>
                <SequencePoint vc="1" uspid="66" ordinal="0" offset="0" sl="23" sc="9" el="23" ec="10" bec="0" bev="0" fileid="2" />
                <SequencePoint vc="1" uspid="67" ordinal="1" offset="1" sl="24" sc="13" el="24" ec="72" bec="0" bev="0" fileid="2" />
                <SequencePoint vc="1" uspid="68" ordinal="2" offset="42" sl="25" sc="9" el="25" ec="10" bec="0" bev="0" fileid="2" />
              </SequencePoints>
              <BranchPoints />
              <MethodPoint xsi:type="SequencePoint" vc="1" uspid="66" ordinal="0" offset="0" sl="23" sc="9" el="23" ec="10" bec="0" bev="0" fileid="2" />
            </Method>
            <Method visited="true" cyclomaticComplexity="1" nPathComplexity="0" sequenceCoverage="100" branchCoverage="100" isConstructor="false" isStatic="false" isGetter="false" isSetter="false">
              <Summary numSequencePoints="3" visitedSequencePoints="3" numBranchPoints="1" visitedBranchPoints="1" sequenceCoverage="100" branchCoverage="100" maxCyclomaticComplexity="1" minCyclomaticComplexity="1" visitedClasses="0" numClasses="0" visitedMethods="1" numMethods="1" />
              <MetadataToken>100663312</MetadataToken>
              <Name>System.Boolean HolidayPooling.Models.Tests.Core.FriendshipTest::EqualsWithModel(HolidayPooling.Models.Core.Friendship,HolidayPooling.Models.Core.Friendship)</Name>
              <FileRef uid="2" />
              <SequencePoints>
                <SequencePoint vc="2" uspid="69" ordinal="0" offset="0" sl="28" sc="9" el="28" ec="10" bec="0" bev="0" fileid="2" />
                <SequencePoint vc="2" uspid="70" ordinal="1" offset="1" sl="29" sc="13" el="29" ec="40" bec="0" bev="0" fileid="2" />
                <SequencePoint vc="2" uspid="71" ordinal="2" offset="11" sl="30" sc="9" el="30" ec="10" bec="0" bev="0" fileid="2" />
              </SequencePoints>
              <BranchPoints />
              <MethodPoint xsi:type="SequencePoint" vc="2" uspid="69" ordinal="0" offset="0" sl="28" sc="9" el="28" ec="10" bec="0" bev="0" fileid="2" />
            </Method>
            <Method visited="true" cyclomaticComplexity="1" nPathComplexity="0" sequenceCoverage="100" branchCoverage="100" isConstructor="false" isStatic="false" isGetter="false" isSetter="false">
              <Summary numSequencePoints="7" visitedSequencePoints="7" numBranchPoints="1" visitedBranchPoints="1" sequenceCoverage="100" branchCoverage="100" maxCyclomaticComplexity="1" minCyclomaticComplexity="1" visitedClasses="0" numClasses="0" visitedMethods="1" numMethods="1" />
              <MetadataToken>100663313</MetadataToken>
              <Name>System.Void HolidayPooling.Models.Tests.Core.FriendshipTest::CompareClone(HolidayPooling.Models.Core.Friendship,HolidayPooling.Models.Core.Friendship)</Name>
              <FileRef uid="2" />
              <SequencePoints>
                <SequencePoint vc="1" uspid="72" ordinal="0" offset="0" sl="33" sc="9" el="33" ec="10" bec="0" bev="0" fileid="2" />
                <SequencePoint vc="1" uspid="73" ordinal="1" offset="1" sl="34" sc="13" el="34" ec="57" bec="0" bev="0" fileid="2" />
                <SequencePoint vc="1" uspid="74" ordinal="2" offset="29" sl="35" sc="13" el="35" ec="65" bec="0" bev="0" fileid="2" />
                <SequencePoint vc="1" uspid="75" ordinal="3" offset="47" sl="36" sc="13" el="36" ec="63" bec="0" bev="0" fileid="2" />
                <SequencePoint vc="1" uspid="76" ordinal="4" offset="75" sl="37" sc="13" el="37" ec="67" bec="0" bev="0" fileid="2" />
                <SequencePoint vc="1" uspid="77" ordinal="5" offset="103" sl="38" sc="13" el="38" ec="63" bec="0" bev="0" fileid="2" />
                <SequencePoint vc="1" uspid="78" ordinal="6" offset="131" sl="39" sc="9" el="39" ec="10" bec="0" bev="0" fileid="2" />
              </SequencePoints>
              <BranchPoints />
              <MethodPoint xsi:type="SequencePoint" vc="1" uspid="72" ordinal="0" offset="0" sl="33" sc="9" el="33" ec="10" bec="0" bev="0" fileid="2" />
            </Method>
            <Method visited="true" cyclomaticComplexity="1" nPathComplexity="0" sequenceCoverage="100" branchCoverage="100" isConstructor="false" isStatic="false" isGetter="false" isSetter="false">
              <Summary numSequencePoints="3" visitedSequencePoints="3" numBranchPoints="1" visitedBranchPoints="1" sequenceCoverage="100" branchCoverage="100" maxCyclomaticComplexity="1" minCyclomaticComplexity="1" visitedClasses="0" numClasses="0" visitedMethods="1" numMethods="1" />
              <MetadataToken>100663314</MetadataToken>
              <Name>System.Void HolidayPooling.Models.Tests.Core.FriendshipTest::Equals_WithNullObject_ShouldReturnFalse()</Name>
              <FileRef uid="2" />
              <SequencePoints>
                <SequencePoint vc="1" uspid="79" ordinal="0" offset="0" sl="47" sc="9" el="47" ec="10" bec="0" bev="0" fileid="2" />
                <SequencePoint vc="1" uspid="80" ordinal="1" offset="1" sl="48" sc="13" el="48" ec="40" bec="0" bev="0" fileid="2" />
                <SequencePoint vc="1" uspid="81" ordinal="2" offset="8" sl="49" sc="9" el="49" ec="10" bec="0" bev="0" fileid="2" />
              </SequencePoints>
              <BranchPoints />
              <MethodPoint xsi:type="SequencePoint" vc="1" uspid="79" ordinal="0" offset="0" sl="47" sc="9" el="47" ec="10" bec="0" bev="0" fileid="2" />
            </Method>
            <Method visited="true" cyclomaticComplexity="1" nPathComplexity="0" sequenceCoverage="100" branchCoverage="100" isConstructor="false" isStatic="false" isGetter="false" isSetter="false">
              <Summary numSequencePoints="3" visitedSequencePoints="3" numBranchPoints="1" visitedBranchPoints="1" sequenceCoverage="100" branchCoverage="100" maxCyclomaticComplexity="1" minCyclomaticComplexity="1" visitedClasses="0" numClasses="0" visitedMethods="1" numMethods="1" />
              <MetadataToken>100663315</MetadataToken>
              <Name>System.Void HolidayPooling.Models.Tests.Core.FriendshipTest::Equals_WhenObjectHaveSameReference_ShouldReturnTrue()</Name>
              <FileRef uid="2" />
              <SequencePoints>
                <SequencePoint vc="1" uspid="82" ordinal="0" offset="0" sl="53" sc="9" el="53" ec="10" bec="0" bev="0" fileid="2" />
                <SequencePoint vc="1" uspid="83" ordinal="1" offset="1" sl="54" sc="13" el="54" ec="55" bec="0" bev="0" fileid="2" />
                <SequencePoint vc="1" uspid="84" ordinal="2" offset="8" sl="55" sc="9" el="55" ec="10" bec="0" bev="0" fileid="2" />
              </SequencePoints>
              <BranchPoints />
              <MethodPoint xsi:type="SequencePoint" vc="1" uspid="82" ordinal="0" offset="0" sl="53" sc="9" el="53" ec="10" bec="0" bev="0" fileid="2" />
            </Method>
            <Method visited="true" cyclomaticComplexity="1" nPathComplexity="0" sequenceCoverage="100" branchCoverage="100" isConstructor="false" isStatic="false" isGetter="false" isSetter="false">
              <Summary numSequencePoints="3" visitedSequencePoints="3" numBranchPoints="1" visitedBranchPoints="1" sequenceCoverage="100" branchCoverage="100" maxCyclomaticComplexity="1" minCyclomaticComplexity="1" visitedClasses="0" numClasses="0" visitedMethods="1" numMethods="1" />
              <MetadataToken>100663316</MetadataToken>
              <Name>System.Void HolidayPooling.Models.Tests.Core.FriendshipTest::Equals_WhenObjectHaveDifferentType_ShouldReturnFalse()</Name>
              <FileRef uid="2" />
              <SequencePoints>
                <SequencePoint vc="1" uspid="85" ordinal="0" offset="0" sl="59" sc="9" el="59" ec="10" bec="0" bev="0" fileid="2" />
                <SequencePoint vc="1" uspid="86" ordinal="1" offset="1" sl="60" sc="13" el="60" ec="43" bec="0" bev="0" fileid="2" />
                <SequencePoint vc="1" uspid="87" ordinal="2" offset="8" sl="61" sc="9" el="61" ec="10" bec="0" bev="0" fileid="2" />
              </SequencePoints>
              <BranchPoints />
              <MethodPoint xsi:type="SequencePoint" vc="1" uspid="85" ordinal="0" offset="0" sl="59" sc="9" el="59" ec="10" bec="0" bev="0" fileid="2" />
            </Method>
            <Method visited="true" cyclomaticComplexity="1" nPathComplexity="0" sequenceCoverage="100" branchCoverage="100" isConstructor="false" isStatic="false" isGetter="false" isSetter="false">
              <Summary numSequencePoints="3" visitedSequencePoints="3" numBranchPoints="1" visitedBranchPoints="1" sequenceCoverage="100" branchCoverage="100" maxCyclomaticComplexity="1" minCyclomaticComplexity="1" visitedClasses="0" numClasses="0" visitedMethods="1" numMethods="1" />
              <MetadataToken>100663317</MetadataToken>
              <Name>System.Void HolidayPooling.Models.Tests.Core.FriendshipTest::Equals_WhenObjectHaveSameValues_ShouldReturnTrue()</Name>
              <FileRef uid="2" />
              <SequencePoints>
                <SequencePoint vc="1" uspid="88" ordinal="0" offset="0" sl="65" sc="9" el="65" ec="10" bec="0" bev="0" fileid="2" />
                <SequencePoint vc="1" uspid="89" ordinal="1" offset="1" sl="66" sc="13" el="66" ec="50" bec="0" bev="0" fileid="2" />
                <SequencePoint vc="1" uspid="90" ordinal="2" offset="8" sl="67" sc="9" el="67" ec="10" bec="0" bev="0" fileid="2" />
              </SequencePoints>
              <BranchPoints />
              <MethodPoint xsi:type="SequencePoint" vc="1" uspid="88" ordinal="0" offset="0" sl="65" sc="9" el="65" ec="10" bec="0" bev="0" fileid="2" />
            </Method>
            <Method visited="true" cyclomaticComplexity="1" nPathComplexity="0" sequenceCoverage="100" branchCoverage="100" isConstructor="false" isStatic="false" isGetter="false" isSetter="false">
              <Summary numSequencePoints="3" visitedSequencePoints="3" numBranchPoints="1" visitedBranchPoints="1" sequenceCoverage="100" branchCoverage="100" maxCyclomaticComplexity="1" minCyclomaticComplexity="1" visitedClasses="0" numClasses="0" visitedMethods="1" numMethods="1" />
              <MetadataToken>100663318</MetadataToken>
              <Name>System.Void HolidayPooling.Models.Tests.Core.FriendshipTest::Equals_WhenModelIsNull_ShouldReturnFalse()</Name>
              <FileRef uid="2" />
              <SequencePoints>
                <SequencePoint vc="1" uspid="91" ordinal="0" offset="0" sl="71" sc="9" el="71" ec="10" bec="0" bev="0" fileid="2" />
                <SequencePoint vc="1" uspid="92" ordinal="1" offset="1" sl="72" sc="13" el="72" ec="39" bec="0" bev="0" fileid="2" />
                <SequencePoint vc="1" uspid="93" ordinal="2" offset="8" sl="73" sc="9" el="73" ec="10" bec="0" bev="0" fileid="2" />
              </SequencePoints>
              <BranchPoints />
              <MethodPoint xsi:type="SequencePoint" vc="1" uspid="91" ordinal="0" offset="0" sl="71" sc="9" el="71" ec="10" bec="0" bev="0" fileid="2" />
            </Method>
            <Method visited="true" cyclomaticComplexity="1" nPathComplexity="0" sequenceCoverage="100" branchCoverage="100" isConstructor="false" isStatic="false" isGetter="false" isSetter="false">
              <Summary numSequencePoints="3" visitedSequencePoints="3" numBranchPoints="1" visitedBranchPoints="1" sequenceCoverage="100" branchCoverage="100" maxCyclomaticComplexity="1" minCyclomaticComplexity="1" visitedClasses="0" numClasses="0" visitedMethods="1" numMethods="1" />
              <MetadataToken>100663319</MetadataToken>
              <Name>System.Void HolidayPooling.Models.Tests.Core.FriendshipTest::Equals_WhenModelHaveSameReference_ShouldReturnTrue()</Name>
              <FileRef uid="2" />
              <SequencePoints>
                <SequencePoint vc="1" uspid="94" ordinal="0" offset="0" sl="77" sc="9" el="77" ec="10" bec="0" bev="0" fileid="2" />
                <SequencePoint vc="1" uspid="95" ordinal="1" offset="1" sl="78" sc="13" el="78" ec="55" bec="0" bev="0" fileid="2" />
                <SequencePoint vc="1" uspid="96" ordinal="2" offset="8" sl="79" sc="9" el="79" ec="10" bec="0" bev="0" fileid="2" />
              </SequencePoints>
              <BranchPoints />
              <MethodPoint xsi:type="SequencePoint" vc="1" uspid="94" ordinal="0" offset="0" sl="77" sc="9" el="77" ec="10" bec="0" bev="0" fileid="2" />
            </Method>
            <Method visited="true" cyclomaticComplexity="1" nPathComplexity="0" sequenceCoverage="100" branchCoverage="100" isConstructor="false" isStatic="false" isGetter="false" isSetter="false">
              <Summary numSequencePoints="5" visitedSequencePoints="5" numBranchPoints="1" visitedBranchPoints="1" sequenceCoverage="100" branchCoverage="100" maxCyclomaticComplexity="1" minCyclomaticComplexity="1" visitedClasses="0" numClasses="0" visitedMethods="1" numMethods="1" />
              <MetadataToken>100663320</MetadataToken>
              <Name>System.Void HolidayPooling.Models.Tests.Core.FriendshipTest::Equals_ShouldReturnCorrectValue(System.Int32,System.String,System.Int32,System.String,System.Boolean)</Name>
              <FileRef uid="2" />
              <SequencePoints>
                <SequencePoint vc="4" uspid="97" ordinal="0" offset="0" sl="87" sc="9" el="87" ec="10" bec="0" bev="0" fileid="2" />
                <SequencePoint vc="4" uspid="98" ordinal="1" offset="1" sl="88" sc="13" el="88" ec="90" bec="0" bev="0" fileid="2" />
                <SequencePoint vc="4" uspid="99" ordinal="2" offset="20" sl="89" sc="13" el="89" ec="93" bec="0" bev="0" fileid="2" />
                <SequencePoint vc="4" uspid="100" ordinal="3" offset="40" sl="90" sc="13" el="90" ec="73" bec="0" bev="0" fileid="2" />
                <SequencePoint vc="4" uspid="101" ordinal="4" offset="65" sl="91" sc="9" el="91" ec="10" bec="0" bev="0" fileid="2" />
              </SequencePoints>
              <BranchPoints />
              <MethodPoint xsi:type="SequencePoint" vc="4" uspid="97" ordinal="0" offset="0" sl="87" sc="9" el="87" ec="10" bec="0" bev="0" fileid="2" />
            </Method>
            <Method visited="true" cyclomaticComplexity="1" nPathComplexity="0" sequenceCoverage="100" branchCoverage="100" isConstructor="false" isStatic="false" isGetter="false" isSetter="false">
              <Summary numSequencePoints="3" visitedSequencePoints="3" numBranchPoints="1" visitedBranchPoints="1" sequenceCoverage="100" branchCoverage="100" maxCyclomaticComplexity="1" minCyclomaticComplexity="1" visitedClasses="0" numClasses="0" visitedMethods="1" numMethods="1" />
              <MetadataToken>100663321</MetadataToken>
              <Name>System.Void HolidayPooling.Models.Tests.Core.FriendshipTest::GetHashCode_ShouldReturnCorrectValue()</Name>
              <FileRef uid="2" />
              <SequencePoints>
                <SequencePoint vc="1" uspid="102" ordinal="0" offset="0" sl="95" sc="9" el="95" ec="10" bec="0" bev="0" fileid="2" />
                <SequencePoint vc="1" uspid="103" ordinal="1" offset="1" sl="96" sc="13" el="96" ec="28" bec="0" bev="0" fileid="2" />
                <SequencePoint vc="1" uspid="104" ordinal="2" offset="8" sl="97" sc="9" el="97" ec="10" bec="0" bev="0" fileid="2" />
              </SequencePoints>
              <BranchPoints />
              <MethodPoint xsi:type="SequencePoint" vc="1" uspid="102" ordinal="0" offset="0" sl="95" sc="9" el="95" ec="10" bec="0" bev="0" fileid="2" />
            </Method>
            <Method visited="true" cyclomaticComplexity="1" nPathComplexity="0" sequenceCoverage="100" branchCoverage="100" isConstructor="false" isStatic="false" isGetter="false" isSetter="false">
              <Summary numSequencePoints="4" visitedSequencePoints="4" numBranchPoints="1" visitedBranchPoints="1" sequenceCoverage="100" branchCoverage="100" maxCyclomaticComplexity="1" minCyclomaticComplexity="1" visitedClasses="0" numClasses="0" visitedMethods="1" numMethods="1" />
              <MetadataToken>100663322</MetadataToken>
              <Name>System.Void HolidayPooling.Models.Tests.Core.FriendshipTest::Clone_ShouldDuplicateEveryValue()</Name>
              <FileRef uid="2" />
              <SequencePoints>
                <SequencePoint vc="1" uspid="105" ordinal="0" offset="0" sl="101" sc="9" el="101" ec="10" bec="0" bev="0" fileid="2" />
                <SequencePoint vc="1" uspid="106" ordinal="1" offset="1" sl="102" sc="13" el="103" ec="30" bec="0" bev="0" fileid="2" />
                <SequencePoint vc="1" uspid="107" ordinal="2" offset="32" sl="104" sc="13" el="104" ec="35" bec="0" bev="0" fileid="2" />
                <SequencePoint vc="1" uspid="108" ordinal="3" offset="40" sl="106" sc="9" el="106" ec="10" bec="0" bev="0" fileid="2" />
              </SequencePoints>
              <BranchPoints />
              <MethodPoint xsi:type="SequencePoint" vc="1" uspid="105" ordinal="0" offset="0" sl="101" sc="9" el="101" ec="10" bec="0" bev="0" fileid="2" />
            </Method>
            <Method visited="true" cyclomaticComplexity="1" nPathComplexity="0" sequenceCoverage="0" branchCoverage="0" isConstructor="true" isStatic="false" isGetter="false" isSetter="false">
              <Summary numSequencePoints="0" visitedSequencePoints="0" numBranchPoints="0" visitedBranchPoints="0" sequenceCoverage="0" branchCoverage="0" maxCyclomaticComplexity="1" minCyclomaticComplexity="1" visitedClasses="0" numClasses="0" visitedMethods="0" numMethods="0" />
              <MetadataToken>100663323</MetadataToken>
              <Name>System.Void HolidayPooling.Models.Tests.Core.FriendshipTest::.ctor()</Name>
              <SequencePoints />
              <BranchPoints />
              <MethodPoint vc="1" uspid="109" ordinal="0" offset="0" />
            </Method>
          </Methods>
        </Class>
        <Class>
          <Summary numSequencePoints="98" visitedSequencePoints="98" numBranchPoints="14" visitedBranchPoints="14" sequenceCoverage="100" branchCoverage="100" maxCyclomaticComplexity="1" minCyclomaticComplexity="1" visitedClasses="1" numClasses="1" visitedMethods="14" numMethods="14" />
          <FullName>HolidayPooling.Models.Tests.Core.ModelHavingSubModelTestBase`2</FullName>
          <Methods>
            <Method visited="true" cyclomaticComplexity="1" nPathComplexity="0" sequenceCoverage="100" branchCoverage="100" isConstructor="false" isStatic="false" isGetter="false" isSetter="false">
              <Summary numSequencePoints="6" visitedSequencePoints="6" numBranchPoints="1" visitedBranchPoints="1" sequenceCoverage="100" branchCoverage="100" maxCyclomaticComplexity="1" minCyclomaticComplexity="1" visitedClasses="0" numClasses="0" visitedMethods="1" numMethods="1" />
              <MetadataToken>100663336</MetadataToken>
              <Name>System.Void HolidayPooling.Models.Tests.Core.ModelHavingSubModelTestBase`2::AddWithWrongId()</Name>
              <FileRef uid="3" />
              <SequencePoints>
                <SequencePoint vc="4" uspid="110" ordinal="0" offset="0" sl="40" sc="9" el="40" ec="10" bec="0" bev="0" fileid="3" />
                <SequencePoint vc="4" uspid="111" ordinal="1" offset="1" sl="41" sc="13" el="41" ec="44" bec="0" bev="0" fileid="3" />
                <SequencePoint vc="4" uspid="112" ordinal="2" offset="9" sl="42" sc="13" el="42" ec="53" bec="0" bev="0" fileid="3" />
                <SequencePoint vc="4" uspid="113" ordinal="3" offset="18" sl="43" sc="13" el="43" ec="40" bec="0" bev="0" fileid="3" />
                <SequencePoint vc="4" uspid="114" ordinal="4" offset="27" sl="44" sc="13" el="44" ec="54" bec="0" bev="0" fileid="3" />
                <SequencePoint vc="4" uspid="115" ordinal="5" offset="51" sl="45" sc="9" el="45" ec="10" bec="0" bev="0" fileid="3" />
              </SequencePoints>
              <BranchPoints />
              <MethodPoint xsi:type="SequencePoint" vc="4" uspid="110" ordinal="0" offset="0" sl="40" sc="9" el="40" ec="10" bec="0" bev="0" fileid="3" />
            </Method>
            <Method visited="true" cyclomaticComplexity="1" nPathComplexity="0" sequenceCoverage="100" branchCoverage="100" isConstructor="false" isStatic="false" isGetter="false" isSetter="false">
              <Summary numSequencePoints="8" visitedSequencePoints="8" numBranchPoints="1" visitedBranchPoints="1" sequenceCoverage="100" branchCoverage="100" maxCyclomaticComplexity="1" minCyclomaticComplexity="1" visitedClasses="0" numClasses="0" visitedMethods="1" numMethods="1" />
              <MetadataToken>100663337</MetadataToken>
              <Name>System.Void HolidayPooling.Models.Tests.Core.ModelHavingSubModelTestBase`2::AddAlreadyExist()</Name>
              <FileRef uid="3" />
              <SequencePoints>
                <SequencePoint vc="4" uspid="116" ordinal="0" offset="0" sl="48" sc="9" el="48" ec="10" bec="0" bev="0" fileid="3" />
                <SequencePoint vc="4" uspid="117" ordinal="1" offset="1" sl="49" sc="13" el="49" ec="44" bec="0" bev="0" fileid="3" />
                <SequencePoint vc="4" uspid="118" ordinal="2" offset="9" sl="50" sc="13" el="50" ec="53" bec="0" bev="0" fileid="3" />
                <SequencePoint vc="4" uspid="119" ordinal="3" offset="18" sl="51" sc="13" el="51" ec="40" bec="0" bev="0" fileid="3" />
                <SequencePoint vc="4" uspid="120" ordinal="4" offset="27" sl="52" sc="13" el="52" ec="54" bec="0" bev="0" fileid="3" />
                <SequencePoint vc="4" uspid="121" ordinal="5" offset="51" sl="53" sc="13" el="53" ec="40" bec="0" bev="0" fileid="3" />
                <SequencePoint vc="4" uspid="122" ordinal="6" offset="60" sl="54" sc="13" el="54" ec="54" bec="0" bev="0" fileid="3" />
                <SequencePoint vc="4" uspid="123" ordinal="7" offset="84" sl="55" sc="9" el="55" ec="10" bec="0" bev="0" fileid="3" />
              </SequencePoints>
              <BranchPoints />
              <MethodPoint xsi:type="SequencePoint" vc="4" uspid="116" ordinal="0" offset="0" sl="48" sc="9" el="48" ec="10" bec="0" bev="0" fileid="3" />
            </Method>
            <Method visited="true" cyclomaticComplexity="1" nPathComplexity="0" sequenceCoverage="100" branchCoverage="100" isConstructor="false" isStatic="false" isGetter="false" isSetter="false">
              <Summary numSequencePoints="8" visitedSequencePoints="8" numBranchPoints="1" visitedBranchPoints="1" sequenceCoverage="100" branchCoverage="100" maxCyclomaticComplexity="1" minCyclomaticComplexity="1" visitedClasses="0" numClasses="0" visitedMethods="1" numMethods="1" />
              <MetadataToken>100663338</MetadataToken>
              <Name>System.Void HolidayPooling.Models.Tests.Core.ModelHavingSubModelTestBase`2::DeleteWithWrongId()</Name>
              <FileRef uid="3" />
              <SequencePoints>
                <SequencePoint vc="4" uspid="124" ordinal="0" offset="0" sl="58" sc="9" el="58" ec="10" bec="0" bev="0" fileid="3" />
                <SequencePoint vc="4" uspid="125" ordinal="1" offset="1" sl="59" sc="13" el="59" ec="44" bec="0" bev="0" fileid="3" />
                <SequencePoint vc="4" uspid="126" ordinal="2" offset="9" sl="60" sc="13" el="60" ec="53" bec="0" bev="0" fileid="3" />
                <SequencePoint vc="4" uspid="127" ordinal="3" offset="18" sl="61" sc="13" el="61" ec="40" bec="0" bev="0" fileid="3" />
                <SequencePoint vc="4" uspid="128" ordinal="4" offset="27" sl="62" sc="13" el="62" ec="61" bec="0" bev="0" fileid="3" />
                <SequencePoint vc="4" uspid="129" ordinal="5" offset="36" sl="63" sc="13" el="63" ec="49" bec="0" bev="0" fileid="3" />
                <SequencePoint vc="4" uspid="130" ordinal="6" offset="45" sl="64" sc="13" el="64" ec="45" bec="0" bev="0" fileid="3" />
                <SequencePoint vc="4" uspid="131" ordinal="7" offset="64" sl="65" sc="9" el="65" ec="10" bec="0" bev="0" fileid="3" />
              </SequencePoints>
              <BranchPoints />
              <MethodPoint xsi:type="SequencePoint" vc="4" uspid="124" ordinal="0" offset="0" sl="58" sc="9" el="58" ec="10" bec="0" bev="0" fileid="3" />
            </Method>
            <Method visited="true" cyclomaticComplexity="1" nPathComplexity="0" sequenceCoverage="100" branchCoverage="100" isConstructor="false" isStatic="false" isGetter="false" isSetter="false">
              <Summary numSequencePoints="7" visitedSequencePoints="7" numBranchPoints="1" visitedBranchPoints="1" sequenceCoverage="100" branchCoverage="100" maxCyclomaticComplexity="1" minCyclomaticComplexity="1" visitedClasses="0" numClasses="0" visitedMethods="1" numMethods="1" />
              <MetadataToken>100663339</MetadataToken>
              <Name>System.Void HolidayPooling.Models.Tests.Core.ModelHavingSubModelTestBase`2::DeleteNotExist()</Name>
              <FileRef uid="3" />
              <SequencePoints>
                <SequencePoint vc="4" uspid="132" ordinal="0" offset="0" sl="68" sc="9" el="68" ec="10" bec="0" bev="0" fileid="3" />
                <SequencePoint vc="4" uspid="133" ordinal="1" offset="1" sl="69" sc="13" el="69" ec="44" bec="0" bev="0" fileid="3" />
                <SequencePoint vc="4" uspid="134" ordinal="2" offset="9" sl="70" sc="13" el="70" ec="53" bec="0" bev="0" fileid="3" />
                <SequencePoint vc="4" uspid="135" ordinal="3" offset="18" sl="71" sc="13" el="71" ec="54" bec="0" bev="0" fileid="3" />
                <SequencePoint vc="4" uspid="136" ordinal="4" offset="42" sl="72" sc="13" el="72" ec="43" bec="0" bev="0" fileid="3" />
                <SequencePoint vc="4" uspid="137" ordinal="5" offset="51" sl="73" sc="13" el="73" ec="54" bec="0" bev="0" fileid="3" />
                <SequencePoint vc="4" uspid="138" ordinal="6" offset="75" sl="74" sc="9" el="74" ec="10" bec="0" bev="0" fileid="3" />
              </SequencePoints>
              <BranchPoints />
              <MethodPoint xsi:type="SequencePoint" vc="4" uspid="132" ordinal="0" offset="0" sl="68" sc="9" el="68" ec="10" bec="0" bev="0" fileid="3" />
            </Method>
            <Method visited="true" cyclomaticComplexity="1" nPathComplexity="0" sequenceCoverage="100" branchCoverage="100" isConstructor="false" isStatic="false" isGetter="false" isSetter="false">
              <Summary numSequencePoints="8" visitedSequencePoints="8" numBranchPoints="1" visitedBranchPoints="1" sequenceCoverage="100" branchCoverage="100" maxCyclomaticComplexity="1" minCyclomaticComplexity="1" visitedClasses="0" numClasses="0" visitedMethods="1" numMethods="1" />
              <MetadataToken>100663340</MetadataToken>
              <Name>System.Void HolidayPooling.Models.Tests.Core.ModelHavingSubModelTestBase`2::DeleteValid()</Name>
              <FileRef uid="3" />
              <SequencePoints>
                <SequencePoint vc="4" uspid="139" ordinal="0" offset="0" sl="77" sc="9" el="77" ec="10" bec="0" bev="0" fileid="3" />
                <SequencePoint vc="4" uspid="140" ordinal="1" offset="1" sl="78" sc="13" el="78" ec="44" bec="0" bev="0" fileid="3" />
                <SequencePoint vc="4" uspid="141" ordinal="2" offset="9" sl="79" sc="13" el="79" ec="53" bec="0" bev="0" fileid="3" />
                <SequencePoint vc="4" uspid="142" ordinal="3" offset="18" sl="80" sc="13" el="80" ec="40" bec="0" bev="0" fileid="3" />
                <SequencePoint vc="4" uspid="143" ordinal="4" offset="27" sl="81" sc="13" el="81" ec="54" bec="0" bev="0" fileid="3" />
                <SequencePoint vc="4" uspid="144" ordinal="5" offset="51" sl="82" sc="13" el="82" ec="43" bec="0" bev="0" fileid="3" />
                <SequencePoint vc="4" uspid="145" ordinal="6" offset="60" sl="83" sc="13" el="83" ec="54" bec="0" bev="0" fileid="3" />
                <SequencePoint vc="4" uspid="146" ordinal="7" offset="84" sl="84" sc="9" el="84" ec="10" bec="0" bev="0" fileid="3" />
              </SequencePoints>
              <BranchPoints />
              <MethodPoint xsi:type="SequencePoint" vc="4" uspid="139" ordinal="0" offset="0" sl="77" sc="9" el="77" ec="10" bec="0" bev="0" fileid="3" />
            </Method>
            <Method visited="true" cyclomaticComplexity="1" nPathComplexity="0" sequenceCoverage="100" branchCoverage="100" isConstructor="false" isStatic="false" isGetter="false" isSetter="false">
              <Summary numSequencePoints="10" visitedSequencePoints="10" numBranchPoints="1" visitedBranchPoints="1" sequenceCoverage="100" branchCoverage="100" maxCyclomaticComplexity="1" minCyclomaticComplexity="1" visitedClasses="0" numClasses="0" visitedMethods="1" numMethods="1" />
              <MetadataToken>100663341</MetadataToken>
              <Name>System.Void HolidayPooling.Models.Tests.Core.ModelHavingSubModelTestBase`2::UpdateWithWrongId()</Name>
              <FileRef uid="3" />
              <SequencePoints>
                <SequencePoint vc="4" uspid="147" ordinal="0" offset="0" sl="87" sc="9" el="87" ec="10" bec="0" bev="0" fileid="3" />
                <SequencePoint vc="4" uspid="148" ordinal="1" offset="1" sl="88" sc="13" el="88" ec="44" bec="0" bev="0" fileid="3" />
                <SequencePoint vc="4" uspid="149" ordinal="2" offset="9" sl="89" sc="13" el="89" ec="53" bec="0" bev="0" fileid="3" />
                <SequencePoint vc="4" uspid="150" ordinal="3" offset="18" sl="90" sc="13" el="90" ec="40" bec="0" bev="0" fileid="3" />
                <SequencePoint vc="4" uspid="151" ordinal="4" offset="27" sl="91" sc="13" el="91" ec="61" bec="0" bev="0" fileid="3" />
                <SequencePoint vc="4" uspid="152" ordinal="5" offset="36" sl="92" sc="13" el="92" ec="49" bec="0" bev="0" fileid="3" />
                <SequencePoint vc="4" uspid="153" ordinal="6" offset="45" sl="93" sc="13" el="93" ec="45" bec="0" bev="0" fileid="3" />
                <SequencePoint vc="4" uspid="154" ordinal="7" offset="54" sl="94" sc="13" el="94" ec="36" bec="0" bev="0" fileid="3" />
                <SequencePoint vc="4" uspid="155" ordinal="8" offset="66" sl="95" sc="13" el="95" ec="50" bec="0" bev="0" fileid="3" />
                <SequencePoint vc="4" uspid="156" ordinal="9" offset="91" sl="96" sc="9" el="96" ec="10" bec="0" bev="0" fileid="3" />
              </SequencePoints>
              <BranchPoints />
              <MethodPoint xsi:type="SequencePoint" vc="4" uspid="147" ordinal="0" offset="0" sl="87" sc="9" el="87" ec="10" bec="0" bev="0" fileid="3" />
            </Method>
            <Method visited="true" cyclomaticComplexity="1" nPathComplexity="0" sequenceCoverage="100" branchCoverage="100" isConstructor="false" isStatic="false" isGetter="false" isSetter="false">
              <Summary numSequencePoints="7" visitedSequencePoints="7" numBranchPoints="1" visitedBranchPoints="1" sequenceCoverage="100" branchCoverage="100" maxCyclomaticComplexity="1" minCyclomaticComplexity="1" visitedClasses="0" numClasses="0" visitedMethods="1" numMethods="1" />
              <MetadataToken>100663342</MetadataToken>
              <Name>System.Void HolidayPooling.Models.Tests.Core.ModelHavingSubModelTestBase`2::UpdateNotExist()</Name>
              <FileRef uid="3" />
              <SequencePoints>
                <SequencePoint vc="4" uspid="157" ordinal="0" offset="0" sl="99" sc="9" el="99" ec="10" bec="0" bev="0" fileid="3" />
                <SequencePoint vc="4" uspid="158" ordinal="1" offset="1" sl="100" sc="13" el="100" ec="44" bec="0" bev="0" fileid="3" />
                <SequencePoint vc="4" uspid="159" ordinal="2" offset="9" sl="101" sc="13" el="101" ec="53" bec="0" bev="0" fileid="3" />
                <SequencePoint vc="4" uspid="160" ordinal="3" offset="18" sl="102" sc="13" el="102" ec="54" bec="0" bev="0" fileid="3" />
                <SequencePoint vc="4" uspid="161" ordinal="4" offset="42" sl="103" sc="13" el="103" ec="43" bec="0" bev="0" fileid="3" />
                <SequencePoint vc="4" uspid="162" ordinal="5" offset="51" sl="104" sc="13" el="104" ec="54" bec="0" bev="0" fileid="3" />
                <SequencePoint vc="4" uspid="163" ordinal="6" offset="75" sl="105" sc="9" el="105" ec="10" bec="0" bev="0" fileid="3" />
              </SequencePoints>
              <BranchPoints />
              <MethodPoint xsi:type="SequencePoint" vc="4" uspid="157" ordinal="0" offset="0" sl="99" sc="9" el="99" ec="10" bec="0" bev="0" fileid="3" />
            </Method>
            <Method visited="true" cyclomaticComplexity="1" nPathComplexity="0" sequenceCoverage="100" branchCoverage="100" isConstructor="false" isStatic="false" isGetter="false" isSetter="false">
              <Summary numSequencePoints="11" visitedSequencePoints="11" numBranchPoints="1" visitedBranchPoints="1" sequenceCoverage="100" branchCoverage="100" maxCyclomaticComplexity="1" minCyclomaticComplexity="1" visitedClasses="0" numClasses="0" visitedMethods="1" numMethods="1" />
              <MetadataToken>100663343</MetadataToken>
              <Name>System.Void HolidayPooling.Models.Tests.Core.ModelHavingSubModelTestBase`2::UpdateValid(System.Action`1&lt;U&gt;,System.Func`3&lt;U,U,System.Boolean&gt;)</Name>
              <FileRef uid="3" />
              <SequencePoints>
                <SequencePoint vc="4" uspid="164" ordinal="0" offset="0" sl="108" sc="9" el="108" ec="10" bec="0" bev="0" fileid="3" />
                <SequencePoint vc="4" uspid="165" ordinal="1" offset="1" sl="109" sc="13" el="109" ec="44" bec="0" bev="0" fileid="3" />
                <SequencePoint vc="4" uspid="166" ordinal="2" offset="9" sl="110" sc="13" el="110" ec="53" bec="0" bev="0" fileid="3" />
                <SequencePoint vc="4" uspid="167" ordinal="3" offset="18" sl="111" sc="13" el="111" ec="40" bec="0" bev="0" fileid="3" />
                <SequencePoint vc="4" uspid="168" ordinal="4" offset="27" sl="112" sc="13" el="112" ec="54" bec="0" bev="0" fileid="3" />
                <SequencePoint vc="4" uspid="169" ordinal="5" offset="51" sl="113" sc="13" el="113" ec="47" bec="0" bev="0" fileid="3" />
                <SequencePoint vc="4" uspid="170" ordinal="6" offset="75" sl="114" sc="13" el="114" ec="37" bec="0" bev="0" fileid="3" />
                <SequencePoint vc="4" uspid="171" ordinal="7" offset="87" sl="115" sc="13" el="115" ec="37" bec="0" bev="0" fileid="3" />
                <SequencePoint vc="4" uspid="172" ordinal="8" offset="95" sl="116" sc="13" el="116" ec="43" bec="0" bev="0" fileid="3" />
                <SequencePoint vc="4" uspid="173" ordinal="9" offset="104" sl="117" sc="13" el="117" ec="54" bec="0" bev="0" fileid="3" />
                <SequencePoint vc="4" uspid="174" ordinal="10" offset="118" sl="118" sc="9" el="118" ec="10" bec="0" bev="0" fileid="3" />
              </SequencePoints>
              <BranchPoints />
              <MethodPoint xsi:type="SequencePoint" vc="4" uspid="164" ordinal="0" offset="0" sl="108" sc="9" el="108" ec="10" bec="0" bev="0" fileid="3" />
            </Method>
            <Method visited="true" cyclomaticComplexity="1" nPathComplexity="0" sequenceCoverage="100" branchCoverage="100" isConstructor="false" isStatic="false" isGetter="false" isSetter="false">
              <Summary numSequencePoints="7" visitedSequencePoints="7" numBranchPoints="1" visitedBranchPoints="1" sequenceCoverage="100" branchCoverage="100" maxCyclomaticComplexity="1" minCyclomaticComplexity="1" visitedClasses="0" numClasses="0" visitedMethods="1" numMethods="1" />
              <MetadataToken>100663344</MetadataToken>
              <Name>System.Void HolidayPooling.Models.Tests.Core.ModelHavingSubModelTestBase`2::GetByIndexValid()</Name>
              <FileRef uid="3" />
              <SequencePoints>
                <SequencePoint vc="4" uspid="175" ordinal="0" offset="0" sl="121" sc="9" el="121" ec="10" bec="0" bev="0" fileid="3" />
                <SequencePoint vc="4" uspid="176" ordinal="1" offset="1" sl="122" sc="13" el="122" ec="44" bec="0" bev="0" fileid="3" />
                <SequencePoint vc="4" uspid="177" ordinal="2" offset="9" sl="123" sc="13" el="123" ec="53" bec="0" bev="0" fileid="3" />
                <SequencePoint vc="4" uspid="178" ordinal="3" offset="18" sl="124" sc="13" el="124" ec="40" bec="0" bev="0" fileid="3" />
                <SequencePoint vc="4" uspid="179" ordinal="4" offset="27" sl="125" sc="13" el="125" ec="54" bec="0" bev="0" fileid="3" />
                <SequencePoint vc="4" uspid="180" ordinal="5" offset="51" sl="126" sc="13" el="126" ec="52" bec="0" bev="0" fileid="3" />
                <SequencePoint vc="4" uspid="181" ordinal="6" offset="70" sl="127" sc="9" el="127" ec="10" bec="0" bev="0" fileid="3" />
              </SequencePoints>
              <BranchPoints />
              <MethodPoint xsi:type="SequencePoint" vc="4" uspid="175" ordinal="0" offset="0" sl="121" sc="9" el="121" ec="10" bec="0" bev="0" fileid="3" />
            </Method>
            <Method visited="true" cyclomaticComplexity="1" nPathComplexity="0" sequenceCoverage="100" branchCoverage="100" isConstructor="false" isStatic="false" isGetter="false" isSetter="false">
              <Summary numSequencePoints="4" visitedSequencePoints="4" numBranchPoints="1" visitedBranchPoints="1" sequenceCoverage="100" branchCoverage="100" maxCyclomaticComplexity="1" minCyclomaticComplexity="1" visitedClasses="0" numClasses="0" visitedMethods="1" numMethods="1" />
              <MetadataToken>100663345</MetadataToken>
              <Name>System.Void HolidayPooling.Models.Tests.Core.ModelHavingSubModelTestBase`2::GetByIndexWhenNegative()</Name>
              <FileRef uid="3" />
              <SequencePoints>
[...]
              <MetadataToken>100663309</MetadataToken>
              <Name>HolidayPooling.Infrastructure.Configuration.HpEnvironment HolidayPooling.Infrastructure.Configuration.HpEnvironment::ConstructBudgetAppBasePath()</Name>
              <FileRef uid="72" />
              <SequencePoints>
                <SequencePoint vc="0" uspid="2266" ordinal="0" offset="0" sl="34" sc="9" el="34" ec="10" bec="0" bev="0" fileid="72" />
                <SequencePoint vc="0" uspid="2267" ordinal="1" offset="1" sl="35" sc="13" el="35" ec="38" bec="0" bev="0" fileid="72" />
                <SequencePoint vc="0" uspid="2268" ordinal="2" offset="8" sl="36" sc="13" el="36" ec="25" bec="0" bev="0" fileid="72" />
                <SequencePoint vc="0" uspid="2269" ordinal="3" offset="12" sl="37" sc="9" el="37" ec="10" bec="0" bev="0" fileid="72" />
              </SequencePoints>
              <BranchPoints />
              <MethodPoint xsi:type="SequencePoint" vc="0" uspid="2266" ordinal="0" offset="0" sl="34" sc="9" el="34" ec="10" bec="0" bev="0" fileid="72" />
            </Method>
            <Method visited="false" cyclomaticComplexity="2" nPathComplexity="0" sequenceCoverage="0" branchCoverage="0" isConstructor="false" isStatic="false" isGetter="false" isSetter="false">
              <Summary numSequencePoints="4" visitedSequencePoints="0" numBranchPoints="1" visitedBranchPoints="0" sequenceCoverage="0" branchCoverage="0" maxCyclomaticComplexity="2" minCyclomaticComplexity="2" visitedClasses="0" numClasses="0" visitedMethods="0" numMethods="1" />
              <MetadataToken>100663310</MetadataToken>
              <Name>System.Void HolidayPooling.Infrastructure.Configuration.HpEnvironment::SetupEnvironment(Sams.Commons.Infrastructure.Environment.AppEnvironment)</Name>
              <FileRef uid="72" />
              <SequencePoints>
                <SequencePoint vc="0" uspid="2270" ordinal="0" offset="0" sl="40" sc="9" el="40" ec="10" bec="0" bev="0" fileid="72" />
                <SequencePoint vc="0" uspid="2271" ordinal="1" offset="1" sl="41" sc="13" el="41" ec="69" bec="0" bev="0" fileid="72" />
                <SequencePoint vc="0" uspid="2272" ordinal="2" offset="45" sl="42" sc="13" el="44" ec="39" bec="0" bev="0" fileid="72" />
                <SequencePoint vc="0" uspid="2273" ordinal="3" offset="63" sl="45" sc="9" el="45" ec="10" bec="0" bev="0" fileid="72" />
              </SequencePoints>
              <BranchPoints />
              <MethodPoint xsi:type="SequencePoint" vc="0" uspid="2270" ordinal="0" offset="0" sl="40" sc="9" el="40" ec="10" bec="0" bev="0" fileid="72" />
            </Method>
            <Method visited="false" cyclomaticComplexity="1" nPathComplexity="0" sequenceCoverage="0" branchCoverage="0" isConstructor="false" isStatic="false" isGetter="false" isSetter="false">
              <Summary numSequencePoints="4" visitedSequencePoints="0" numBranchPoints="1" visitedBranchPoints="0" sequenceCoverage="0" branchCoverage="0" maxCyclomaticComplexity="1" minCyclomaticComplexity="1" visitedClasses="0" numClasses="0" visitedMethods="0" numMethods="1" />
              <MetadataToken>100663311</MetadataToken>
              <Name>System.Void HolidayPooling.Infrastructure.Configuration.HpEnvironment::Dispose()</Name>
              <FileRef uid="72" />
              <SequencePoints>
                <SequencePoint vc="0" uspid="2276" ordinal="0" offset="0" sl="52" sc="9" el="52" ec="10" bec="0" bev="0" fileid="72" />
                <SequencePoint vc="0" uspid="2277" ordinal="1" offset="1" sl="53" sc="13" el="53" ec="27" bec="0" bev="0" fileid="72" />
                <SequencePoint vc="0" uspid="2278" ordinal="2" offset="9" sl="54" sc="13" el="54" ec="26" bec="0" bev="0" fileid="72" />
                <SequencePoint vc="0" uspid="2279" ordinal="3" offset="15" sl="55" sc="9" el="55" ec="10" bec="0" bev="0" fileid="72" />
              </SequencePoints>
              <BranchPoints />
              <MethodPoint xsi:type="SequencePoint" vc="0" uspid="2276" ordinal="0" offset="0" sl="52" sc="9" el="52" ec="10" bec="0" bev="0" fileid="72" />
            </Method>
            <Method visited="false" cyclomaticComplexity="3" nPathComplexity="4" sequenceCoverage="0" branchCoverage="0" isConstructor="false" isStatic="false" isGetter="false" isSetter="false">
              <Summary numSequencePoints="12" visitedSequencePoints="0" numBranchPoints="5" visitedBranchPoints="0" sequenceCoverage="0" branchCoverage="0" maxCyclomaticComplexity="3" minCyclomaticComplexity="3" visitedClasses="0" numClasses="0" visitedMethods="0" numMethods="1" />
              <MetadataToken>100663312</MetadataToken>
              <Name>System.Void HolidayPooling.Infrastructure.Configuration.HpEnvironment::Dispose(System.Boolean)</Name>
              <FileRef uid="72" />
              <SequencePoints>
                <SequencePoint vc="0" uspid="2280" ordinal="0" offset="0" sl="58" sc="9" el="58" ec="10" bec="0" bev="0" fileid="72" />
                <SequencePoint vc="0" uspid="2281" ordinal="1" offset="1" sl="59" sc="13" el="59" ec="27" bec="2" bev="0" fileid="72" />
                <SequencePoint vc="0" uspid="2282" ordinal="2" offset="14" sl="60" sc="13" el="60" ec="14" bec="0" bev="0" fileid="72" />
                <SequencePoint vc="0" uspid="2283" ordinal="3" offset="15" sl="61" sc="17" el="61" ec="24" bec="0" bev="0" fileid="72" />
                <SequencePoint vc="0" uspid="2284" ordinal="4" offset="17" sl="64" sc="13" el="64" ec="27" bec="2" bev="0" fileid="72" />
                <SequencePoint vc="0" uspid="2285" ordinal="5" offset="25" sl="65" sc="13" el="65" ec="14" bec="0" bev="0" fileid="72" />
                <SequencePoint vc="0" uspid="2286" ordinal="6" offset="26" sl="66" sc="17" el="66" ec="43" bec="0" bev="0" fileid="72" />
                <SequencePoint vc="0" uspid="2287" ordinal="7" offset="32" sl="67" sc="17" el="67" ec="39" bec="0" bev="0" fileid="72" />
                <SequencePoint vc="0" uspid="2288" ordinal="8" offset="39" sl="68" sc="17" el="68" ec="56" bec="0" bev="0" fileid="72" />
                <SequencePoint vc="0" uspid="2289" ordinal="9" offset="46" sl="69" sc="13" el="69" ec="14" bec="0" bev="0" fileid="72" />
                <SequencePoint vc="0" uspid="2290" ordinal="10" offset="47" sl="71" sc="13" el="71" ec="30" bec="0" bev="0" fileid="72" />
                <SequencePoint vc="0" uspid="2291" ordinal="11" offset="54" sl="72" sc="9" el="72" ec="10" bec="0" bev="0" fileid="72" />
              </SequencePoints>
              <BranchPoints>
                <BranchPoint vc="0" uspid="2292" ordinal="0" offset="12" sl="59" path="0" offsetend="14" fileid="72" />
                <BranchPoint vc="0" uspid="2293" ordinal="1" offset="12" sl="59" path="1" offsetend="17" fileid="72" />
                <BranchPoint vc="0" uspid="2294" ordinal="2" offset="23" sl="64" path="0" offsetend="25" fileid="72" />
                <BranchPoint vc="0" uspid="2295" ordinal="3" offset="23" sl="64" path="1" offsetend="47" fileid="72" />
              </BranchPoints>
              <MethodPoint xsi:type="SequencePoint" vc="0" uspid="2280" ordinal="0" offset="0" sl="58" sc="9" el="58" ec="10" bec="0" bev="0" fileid="72" />
            </Method>
            <Method visited="false" cyclomaticComplexity="1" nPathComplexity="0" sequenceCoverage="0" branchCoverage="0" isConstructor="false" isStatic="false" isGetter="false" isSetter="false">
              <Summary numSequencePoints="5" visitedSequencePoints="0" numBranchPoints="1" visitedBranchPoints="0" sequenceCoverage="0" branchCoverage="0" maxCyclomaticComplexity="1" minCyclomaticComplexity="1" visitedClasses="0" numClasses="0" visitedMethods="0" numMethods="1" />
              <MetadataToken>100663313</MetadataToken>
              <Name>System.Void HolidayPooling.Infrastructure.Configuration.HpEnvironment::Finalize()</Name>
              <FileRef uid="72" />
              <SequencePoints>
                <SequencePoint vc="0" uspid="2296" ordinal="0" offset="0" sl="75" sc="9" el="75" ec="10" bec="0" bev="0" fileid="72" />
                <SequencePoint vc="0" uspid="2297" ordinal="1" offset="1" sl="76" sc="13" el="76" ec="28" bec="0" bev="0" fileid="72" />
                <SequencePoint vc="0" uspid="2298" ordinal="2" offset="9" sl="77" sc="9" el="77" ec="10" bec="0" bev="0" fileid="72" />
                <SequencePoint vc="0" uspid="2299" ordinal="3" offset="12" sl="77" sc="9" el="77" ec="10" bec="0" bev="0" fileid="72" />
                <SequencePoint vc="0" uspid="2300" ordinal="4" offset="21" sl="77" sc="9" el="77" ec="10" bec="0" bev="0" fileid="72" />
              </SequencePoints>
              <BranchPoints />
              <MethodPoint xsi:type="SequencePoint" vc="0" uspid="2296" ordinal="0" offset="0" sl="75" sc="9" el="75" ec="10" bec="0" bev="0" fileid="72" />
            </Method>
            <Method visited="false" cyclomaticComplexity="1" nPathComplexity="0" sequenceCoverage="0" branchCoverage="0" isConstructor="true" isStatic="false" isGetter="false" isSetter="false">
              <Summary numSequencePoints="0" visitedSequencePoints="0" numBranchPoints="0" visitedBranchPoints="0" sequenceCoverage="0" branchCoverage="0" maxCyclomaticComplexity="1" minCyclomaticComplexity="1" visitedClasses="0" numClasses="0" visitedMethods="0" numMethods="0" />
              <MetadataToken>100663314</MetadataToken>
              <Name>System.Void HolidayPooling.Infrastructure.Configuration.HpEnvironment::.ctor()</Name>
              <SequencePoints />
              <BranchPoints />
              <MethodPoint vc="0" uspid="2301" ordinal="0" offset="0" />
            </Method>
            <Method visited="false" cyclomaticComplexity="1" nPathComplexity="0" sequenceCoverage="0" branchCoverage="0" isConstructor="false" isStatic="true" isGetter="false" isSetter="false">
              <Summary numSequencePoints="1" visitedSequencePoints="0" numBranchPoints="1" visitedBranchPoints="0" sequenceCoverage="0" branchCoverage="0" maxCyclomaticComplexity="1" minCyclomaticComplexity="1" visitedClasses="0" numClasses="0" visitedMethods="0" numMethods="1" />
              <MetadataToken>100663315</MetadataToken>
              <Name>System.Boolean HolidayPooling.Infrastructure.Configuration.HpEnvironment::&lt;SetupEnvironment&gt;b__0(Sams.Commons.Infrastructure.Environment.AppEnvironment)</Name>
              <FileRef uid="72" />
              <SequencePoints>
                <SequencePoint vc="0" uspid="2302" ordinal="0" offset="0" sl="41" sc="36" el="41" ec="60" bec="0" bev="0" fileid="72" />
              </SequencePoints>
              <BranchPoints />
              <MethodPoint xsi:type="SequencePoint" vc="0" uspid="2302" ordinal="0" offset="0" sl="41" sc="36" el="41" ec="60" bec="0" bev="0" fileid="72" />
            </Method>
          </Methods>
        </Class>
        <Class>
          <Summary numSequencePoints="19" visitedSequencePoints="0" numBranchPoints="10" visitedBranchPoints="0" sequenceCoverage="0" branchCoverage="0" maxCyclomaticComplexity="4" minCyclomaticComplexity="2" visitedClasses="0" numClasses="1" visitedMethods="0" numMethods="2" />
          <FullName>HolidayPooling.Infrastructure.Converters.TechnicalEnumConverter</FullName>
          <Methods>
            <Method visited="false" cyclomaticComplexity="2" nPathComplexity="2" sequenceCoverage="0" branchCoverage="0" isConstructor="false" isStatic="true" isGetter="false" isSetter="false">
              <Summary numSequencePoints="8" visitedSequencePoints="0" numBranchPoints="3" visitedBranchPoints="0" sequenceCoverage="0" branchCoverage="0" maxCyclomaticComplexity="2" minCyclomaticComplexity="2" visitedClasses="0" numClasses="0" visitedMethods="0" numMethods="1" />
              <MetadataToken>100663316</MetadataToken>
              <Name>System.String HolidayPooling.Infrastructure.Converters.TechnicalEnumConverter::HolidayPoolingDatabaseToString(HolidayPooling.Infrastructure.Configuration.HolidayPoolingDatabase)</Name>
              <FileRef uid="73" />
              <SequencePoints>
                <SequencePoint vc="0" uspid="2303" ordinal="0" offset="0" sl="24" sc="9" el="24" ec="10" bec="0" bev="0" fileid="73" />
                <SequencePoint vc="0" uspid="2304" ordinal="1" offset="1" sl="25" sc="13" el="25" ec="39" bec="0" bev="0" fileid="73" />
                <SequencePoint vc="0" uspid="2305" ordinal="2" offset="7" sl="26" sc="13" el="26" ec="24" bec="2" bev="0" fileid="73" />
                <SequencePoint vc="0" uspid="2306" ordinal="3" offset="15" sl="29" sc="21" el="29" ec="47" bec="0" bev="0" fileid="73" />
                <SequencePoint vc="0" uspid="2307" ordinal="4" offset="21" sl="30" sc="21" el="30" ec="27" bec="0" bev="0" fileid="73" />
                <SequencePoint vc="0" uspid="2308" ordinal="5" offset="23" sl="32" sc="21" el="32" ec="27" bec="0" bev="0" fileid="73" />
                <SequencePoint vc="0" uspid="2309" ordinal="6" offset="25" sl="35" sc="13" el="35" ec="27" bec="0" bev="0" fileid="73" />
                <SequencePoint vc="0" uspid="2310" ordinal="7" offset="29" sl="36" sc="9" el="36" ec="10" bec="0" bev="0" fileid="73" />
              </SequencePoints>
              <BranchPoints>
                <BranchPoint vc="0" uspid="2311" ordinal="0" offset="11" sl="26" path="0" offsetchain="13 23" offsetend="25" fileid="73" />
                <BranchPoint vc="0" uspid="2312" ordinal="1" offset="11" sl="26" path="1" offsetend="15" fileid="73" />
              </BranchPoints>
              <MethodPoint xsi:type="SequencePoint" vc="0" uspid="2303" ordinal="0" offset="0" sl="24" sc="9" el="24" ec="10" bec="0" bev="0" fileid="73" />
            </Method>
            <Method visited="false" cyclomaticComplexity="4" nPathComplexity="8" sequenceCoverage="0" branchCoverage="0" isConstructor="false" isStatic="true" isGetter="false" isSetter="false">
              <Summary numSequencePoints="11" visitedSequencePoints="0" numBranchPoints="7" visitedBranchPoints="0" sequenceCoverage="0" branchCoverage="0" maxCyclomaticComplexity="4" minCyclomaticComplexity="4" visitedClasses="0" numClasses="0" visitedMethods="0" numMethods="1" />
              <MetadataToken>100663317</MetadataToken>
              <Name>HolidayPooling.Infrastructure.Configuration.HolidayPoolingDatabase HolidayPooling.Infrastructure.Converters.TechnicalEnumConverter::HolidayPoolingDatabaseFromString(System.String)</Name>
              <FileRef uid="73" />
              <SequencePoints>
                <SequencePoint vc="0" uspid="2313" ordinal="0" offset="0" sl="39" sc="9" el="39" ec="10" bec="0" bev="0" fileid="73" />
                <SequencePoint vc="0" uspid="2314" ordinal="1" offset="1" sl="40" sc="13" el="40" ec="42" bec="2" bev="0" fileid="73" />
                <SequencePoint vc="0" uspid="2315" ordinal="2" offset="14" sl="41" sc="13" el="41" ec="14" bec="0" bev="0" fileid="73" />
                <SequencePoint vc="0" uspid="2316" ordinal="3" offset="15" sl="42" sc="17" el="42" ec="52" bec="0" bev="0" fileid="73" />
                <SequencePoint vc="0" uspid="2317" ordinal="4" offset="19" sl="45" sc="13" el="45" ec="54" bec="0" bev="0" fileid="73" />
                <SequencePoint vc="0" uspid="2318" ordinal="5" offset="21" sl="46" sc="13" el="46" ec="24" bec="3" bev="0" fileid="73" />
                <SequencePoint vc="0" uspid="2319" ordinal="6" offset="41" sl="49" sc="21" el="49" ec="56" bec="0" bev="0" fileid="73" />
                <SequencePoint vc="0" uspid="2320" ordinal="7" offset="43" sl="50" sc="21" el="50" ec="27" bec="0" bev="0" fileid="73" />
                <SequencePoint vc="0" uspid="2321" ordinal="8" offset="45" sl="52" sc="21" el="52" ec="27" bec="0" bev="0" fileid="73" />
                <SequencePoint vc="0" uspid="2322" ordinal="9" offset="47" sl="55" sc="13" el="55" ec="27" bec="0" bev="0" fileid="73" />
                <SequencePoint vc="0" uspid="2323" ordinal="10" offset="51" sl="57" sc="9" el="57" ec="10" bec="0" bev="0" fileid="73" />
              </SequencePoints>
              <BranchPoints>
                <BranchPoint vc="0" uspid="2324" ordinal="0" offset="12" sl="40" path="0" offsetend="14" fileid="73" />
                <BranchPoint vc="0" uspid="2325" ordinal="1" offset="12" sl="40" path="1" offsetend="19" fileid="73" />
                <BranchPoint vc="0" uspid="2326" ordinal="2" offset="24" sl="46" path="0" offsetend="26" fileid="73" />
                <BranchPoint vc="0" uspid="2327" ordinal="3" offset="24" sl="46" path="1" offsetchain="45" offsetend="47" fileid="73" />
                <BranchPoint vc="0" uspid="2328" ordinal="4" offset="37" sl="46" path="0" offsetchain="39 45" offsetend="47" fileid="73" />
                <BranchPoint vc="0" uspid="2329" ordinal="5" offset="37" sl="46" path="1" offsetend="41" fileid="73" />
              </BranchPoints>
              <MethodPoint xsi:type="SequencePoint" vc="0" uspid="2313" ordinal="0" offset="0" sl="39" sc="9" el="39" ec="10" bec="0" bev="0" fileid="73" />
            </Method>
          </Methods>
        </Class>
      </Classes>
    </Module>
    <Module skippedDueTo="Filter" hash="E5-DE-BE-E6-36-3A-18-9D-19-75-10-62-04-4B-5A-43-5C-48-C4-34">
      <ModulePath>C:\WINDOWS\Microsoft.Net\assembly\GAC_MSIL\System.Core\v4.0_4.0.0.0__b77a5c561934e089\System.Core.dll</ModulePath>
      <ModuleTime>2016-07-16T11:43:57.1711464Z</ModuleTime>
      <ModuleName>System.Core</ModuleName>
      <Classes />
    </Module>
    <Module skippedDueTo="MissingPdb" hash="E1-CE-6C-94-F6-BD-38-BA-35-3D-BE-50-39-0B-BF-1F-E5-F4-17-A6">
      <ModulePath>E:\Project\HolidayPooling\HolidayPooling\HolidayPooling.Models.Tests\bin\Debug\Sams.Commons.Infrastructure.dll</ModulePath>
      <ModuleTime>2017-03-04T19:52:10.3388041Z</ModuleTime>
      <ModuleName>Sams.Commons.Infrastructure</ModuleName>
      <Classes />
    </Module>
    <Module skippedDueTo="Filter" hash="34-A3-5D-67-8E-E7-DB-60-FE-97-F3-BD-D4-E7-40-6B-00-DA-51-C8">
      <ModulePath>C:\WINDOWS\Microsoft.Net\assembly\GAC_MSIL\System.Configuration\v4.0_4.0.0.0__b03f5f7f11d50a3a\System.Configuration.dll</ModulePath>
      <ModuleTime>2016-07-16T11:43:53.9992781Z</ModuleTime>
      <ModuleName>System.Configuration</ModuleName>
      <Classes />
    </Module>
    <Module skippedDueTo="Filter" hash="E5-DE-BE-E6-36-3A-18-9D-19-75-10-62-04-4B-5A-43-5C-48-C4-34">
      <ModulePath>C:\WINDOWS\Microsoft.Net\assembly\GAC_MSIL\System.Core\v4.0_4.0.0.0__b77a5c561934e089\System.Core.dll</ModulePath>
      <ModuleTime>2016-07-16T11:43:57.1711464Z</ModuleTime>
      <ModuleName>System.Core</ModuleName>
      <Classes />
    </Module>
    <Module skippedDueTo="MissingPdb" hash="E1-CE-6C-94-F6-BD-38-BA-35-3D-BE-50-39-0B-BF-1F-E5-F4-17-A6">
      <ModulePath>E:\Project\HolidayPooling\HolidayPooling\HolidayPooling.Infrastructure.Test\bin\Debug\Sams.Commons.Infrastructure.dll</ModulePath>
      <ModuleTime>2017-03-04T19:52:10.3388041Z</ModuleTime>
      <ModuleName>Sams.Commons.Infrastructure</ModuleName>
      <Classes />
    </Module>
    <Module skippedDueTo="Filter" hash="8F-B8-E2-37-66-02-6E-82-14-A2-4D-3C-F3-F3-C7-D3-24-C3-BE-7E">
      <ModulePath>C:\WINDOWS\Microsoft.Net\assembly\GAC_MSIL\mscorlib.resources\v4.0_4.0.0.0_fr_b77a5c561934e089\mscorlib.resources.dll</ModulePath>
      <ModuleTime>2016-07-16T22:39:26.2296609Z</ModuleTime>
      <ModuleName>mscorlib.resources</ModuleName>
      <Classes />
    </Module>
    <Module skippedDueTo="MissingPdb" hash="B4-03-A5-5D-22-6D-67-3A-12-21-16-C1-2A-BE-4C-57-B1-BA-B5-3A">
      <ModulePath>E:\Project\HolidayPooling\HolidayPooling\HolidayPooling.Infrastructure.Test\bin\Debug\ArquivarnetCrypto.dll</ModulePath>
      <ModuleTime>2016-10-09T15:17:08.3437253Z</ModuleTime>
      <ModuleName>ArquivarnetCrypto</ModuleName>
      <Classes />
    </Module>
  </Modules>
</CoverageSession>